# Logfile created on Sun Jun 13 17:40:39 +0100 2010 by logger.rb/22285
  MONGODB admin['$cmd'].find({:ismaster=>1}, {}).limit(-1)
  MONGODB mm-custom-functions-spec['$cmd'].find({"$eval"=>"db.system.js.remove({});", "args"=>[]}, {}).limit(-1)
  MONGODB mm-custom-functions-spec['$cmd'].find({"$eval"=>"db.system.js.insert({_id:'test', value: 'function(){}'})", "args"=>[]}, {}).limit(-1)
  MONGODB mm-custom-functions-spec['$cmd'].find({"$eval"=>"db.system.js.count()", "args"=>[]}, {}).limit(-1)
  MONGODB mm-custom-functions-spec['$cmd'].find({"$eval"=>"db.system.js.remove({});", "args"=>[]}, {}).limit(-1)
  MONGODB mm-custom-functions-spec['$cmd'].find({"$eval"=>"db.system.js.count()", "args"=>[]}, {}).limit(-1)
  MONGODB mm-custom-functions-spec['$cmd'].find({"$eval"=>"db.system.js.remove({});", "args"=>[]}, {}).limit(-1)
  MONGODB mm-custom-functions-spec['$cmd'].find({"$eval"=>"db.system.js.remove({});", "args"=>[]}, {}).limit(-1)
  MONGODB mm-custom-functions-spec['$cmd'].find({"$eval"=>"db.system.js.remove({});", "args"=>[]}, {}).limit(-1)
  MONGODB mm-custom-functions-spec['$cmd'].find({"$eval"=>"db.system.js.remove({});", "args"=>[]}, {}).limit(-1)
  MONGODB admin['$cmd'].find({:ismaster=>1}, {}).limit(-1)
  MONGODB mm-custom-functions-spec['$cmd'].find({"$eval"=>"db.system.js.remove({});", "args"=>[]}, {}).limit(-1)
  MONGODB mm-custom-functions-spec['$cmd'].find({"$eval"=>"db.system.js.insert({_id:'test', value: 'function(){}'})", "args"=>[]}, {}).limit(-1)
  MONGODB mm-custom-functions-spec['$cmd'].find({"$eval"=>"db.system.js.count()", "args"=>[]}, {}).limit(-1)
  MONGODB mm-custom-functions-spec['$cmd'].find({"$eval"=>"db.system.js.remove({});", "args"=>[]}, {}).limit(-1)
  MONGODB mm-custom-functions-spec['$cmd'].find({"$eval"=>"db.system.js.count()", "args"=>[]}, {}).limit(-1)
  MONGODB mm-custom-functions-spec['$cmd'].find({"$eval"=>"db.system.js.remove({});", "args"=>[]}, {}).limit(-1)
  MONGODB mm-custom-functions-spec['$cmd'].find({"$eval"=>"db.system.js.insert({_id:'test', value: 'function(){}'})", "args"=>[]}, {}).limit(-1)
  MONGODB mm-custom-functions-spec['$cmd'].find({"$eval"=>"db.system.js.find()", "args"=>[]}, {}).limit(-1)
  MONGODB mm-custom-functions-spec['$cmd'].find({"$eval"=>"db.system.js.find({_id:'test'})", "args"=>[]}, {}).limit(-1)
  MONGODB mm-custom-functions-spec['$cmd'].find({"$eval"=>"db.system.js.remove({});", "args"=>[]}, {}).limit(-1)
  MONGODB mm-custom-functions-spec['$cmd'].find({"$eval"=>"db.system.js.remove({});", "args"=>[]}, {}).limit(-1)
  MONGODB mm-custom-functions-spec['$cmd'].find({"$eval"=>"db.system.js.remove({});", "args"=>[]}, {}).limit(-1)
  MONGODB mm-custom-functions-spec['$cmd'].find({"$eval"=>"db.system.js.remove({});", "args"=>[]}, {}).limit(-1)
  MONGODB admin['$cmd'].find({:ismaster=>1}, {}).limit(-1)
  MONGODB mm-custom-functions-spec['$cmd'].find({"$eval"=>"db.system.js.remove({});", "args"=>[]}, {}).limit(-1)
  MONGODB mm-custom-functions-spec['$cmd'].find({"$eval"=>"db.system.js.insert({_id:'test', value: 'function(){}'})", "args"=>[]}, {}).limit(-1)
  MONGODB mm-custom-functions-spec['$cmd'].find({"$eval"=>"db.system.js.count()", "args"=>[]}, {}).limit(-1)
  MONGODB mm-custom-functions-spec['$cmd'].find({"$eval"=>"db.system.js.remove({});", "args"=>[]}, {}).limit(-1)
  MONGODB mm-custom-functions-spec['$cmd'].find({"$eval"=>"db.system.js.count()", "args"=>[]}, {}).limit(-1)
  MONGODB mm-custom-functions-spec['$cmd'].find({"$eval"=>"db.system.js.remove({});", "args"=>[]}, {}).limit(-1)
  MONGODB mm-custom-functions-spec['$cmd'].find({"$eval"=>"db.system.js.insert({_id:'test', value: 'function(){}'})", "args"=>[]}, {}).limit(-1)
  MONGODB mm-custom-functions-spec['$cmd'].find({"$eval"=>"db.system.js.remove({});", "args"=>[]}, {}).limit(-1)
  MONGODB mm-custom-functions-spec['$cmd'].find({"$eval"=>"db.system.js.remove({});", "args"=>[]}, {}).limit(-1)
  MONGODB mm-custom-functions-spec['$cmd'].find({"$eval"=>"db.system.js.remove({});", "args"=>[]}, {}).limit(-1)
  MONGODB mm-custom-functions-spec['$cmd'].find({"$eval"=>"db.system.js.remove({});", "args"=>[]}, {}).limit(-1)
  MONGODB admin['$cmd'].find({:ismaster=>1}, {}).limit(-1)
  MONGODB mm-custom-functions-spec['$cmd'].find({"$eval"=>"db.system.js.remove({});", "args"=>[]}, {}).limit(-1)
  MONGODB mm-custom-functions-spec['$cmd'].find({"$eval"=>"db.system.js.insert({_id:'test', value: 'function(){}'})", "args"=>[]}, {}).limit(-1)
  MONGODB mm-custom-functions-spec['$cmd'].find({"$eval"=>"db.system.js.count()", "args"=>[]}, {}).limit(-1)
  MONGODB mm-custom-functions-spec['$cmd'].find({"$eval"=>"db.system.js.remove({});", "args"=>[]}, {}).limit(-1)
  MONGODB mm-custom-functions-spec['$cmd'].find({"$eval"=>"db.system.js.count()", "args"=>[]}, {}).limit(-1)
  MONGODB mm-custom-functions-spec['$cmd'].find({"$eval"=>"db.system.js.remove({});", "args"=>[]}, {}).limit(-1)
  MONGODB mm-custom-functions-spec['$cmd'].find({"$eval"=>"db.system.js.insert({_id:'test', value: 'function(){}'})", "args"=>[]}, {}).limit(-1)
  MONGODB mm-custom-functions-spec['$cmd'].find({"$eval"=>"db.system.js.find()", "args"=>[]}, {}).limit(-1)
  MONGODB mm-custom-functions-spec['$cmd'].find({"$eval"=>"db.system.js.find({_id:'test'})", "args"=>[]}, {}).limit(-1)
  MONGODB mm-custom-functions-spec['$cmd'].find({"$eval"=>"db.system.js.remove({});", "args"=>[]}, {}).limit(-1)
  MONGODB mm-custom-functions-spec['$cmd'].find({"$eval"=>"db.system.js.remove({});", "args"=>[]}, {}).limit(-1)
  MONGODB mm-custom-functions-spec['$cmd'].find({"$eval"=>"db.system.js.remove({});", "args"=>[]}, {}).limit(-1)
  MONGODB mm-custom-functions-spec['$cmd'].find({"$eval"=>"db.system.js.remove({});", "args"=>[]}, {}).limit(-1)
  MONGODB admin['$cmd'].find({:ismaster=>1}, {}).limit(-1)
  MONGODB mm-custom-functions-spec['$cmd'].find({"$eval"=>"db.system.js.remove({});", "args"=>[]}, {}).limit(-1)
  MONGODB mm-custom-functions-spec['$cmd'].find({"$eval"=>"db.system.js.insert({_id:'test', value: 'function(){}'})", "args"=>[]}, {}).limit(-1)
  MONGODB mm-custom-functions-spec['$cmd'].find({"$eval"=>"db.system.js.count()", "args"=>[]}, {}).limit(-1)
  MONGODB mm-custom-functions-spec['$cmd'].find({"$eval"=>"db.system.js.remove({});", "args"=>[]}, {}).limit(-1)
  MONGODB mm-custom-functions-spec['$cmd'].find({"$eval"=>"db.system.js.count()", "args"=>[]}, {}).limit(-1)
  MONGODB mm-custom-functions-spec['$cmd'].find({"$eval"=>"db.system.js.remove({});", "args"=>[]}, {}).limit(-1)
  MONGODB mm-custom-functions-spec['$cmd'].find({"$eval"=>"db.system.js.insert({_id:'test', value: 'function(){}'})", "args"=>[]}, {}).limit(-1)
  MONGODB mm-custom-functions-spec['$cmd'].find({"$eval"=>"db.system.js.find()", "args"=>[]}, {}).limit(-1)
  MONGODB mm-custom-functions-spec['$cmd'].find({"$eval"=>"db.system.js.count({_id:'test'})", "args"=>[]}, {}).limit(-1)
  MONGODB mm-custom-functions-spec['$cmd'].find({"$eval"=>"db.system.js.remove({});", "args"=>[]}, {}).limit(-1)
  MONGODB mm-custom-functions-spec['$cmd'].find({"$eval"=>"db.system.js.remove({});", "args"=>[]}, {}).limit(-1)
  MONGODB mm-custom-functions-spec['$cmd'].find({"$eval"=>"db.system.js.remove({});", "args"=>[]}, {}).limit(-1)
  MONGODB mm-custom-functions-spec['$cmd'].find({"$eval"=>"db.system.js.remove({});", "args"=>[]}, {}).limit(-1)
  MONGODB admin['$cmd'].find({:ismaster=>1}, {}).limit(-1)
  MONGODB mm-custom-functions-spec['$cmd'].find({"$eval"=>"db.system.js.remove({});", "args"=>[]}, {}).limit(-1)
  MONGODB mm-custom-functions-spec['$cmd'].find({"$eval"=>"db.system.js.insert({_id:'test', value: 'function(){}'})", "args"=>[]}, {}).limit(-1)
  MONGODB mm-custom-functions-spec['$cmd'].find({"$eval"=>"db.system.js.count()", "args"=>[]}, {}).limit(-1)
  MONGODB mm-custom-functions-spec['$cmd'].find({"$eval"=>"db.system.js.remove({});", "args"=>[]}, {}).limit(-1)
  MONGODB mm-custom-functions-spec['$cmd'].find({"$eval"=>"db.system.js.count()", "args"=>[]}, {}).limit(-1)
  MONGODB mm-custom-functions-spec['$cmd'].find({"$eval"=>"db.system.js.remove({});", "args"=>[]}, {}).limit(-1)
  MONGODB mm-custom-functions-spec['$cmd'].find({"$eval"=>"db.system.js.insert({_id:'test', value: 'function(){}'})", "args"=>[]}, {}).limit(-1)
  MONGODB mm-custom-functions-spec['$cmd'].find({"$eval"=>"db.system.js.find()", "args"=>[]}, {}).limit(-1)
  MONGODB mm-custom-functions-spec['$cmd'].find({"$eval"=>"db.system.js.findOne({_id:'test'})", "args"=>[]}, {}).limit(-1)
  MONGODB mm-custom-functions-spec['$cmd'].find({"$eval"=>"db.system.js.remove({});", "args"=>[]}, {}).limit(-1)
  MONGODB mm-custom-functions-spec['$cmd'].find({"$eval"=>"db.system.js.remove({});", "args"=>[]}, {}).limit(-1)
  MONGODB mm-custom-functions-spec['$cmd'].find({"$eval"=>"db.system.js.remove({});", "args"=>[]}, {}).limit(-1)
  MONGODB mm-custom-functions-spec['$cmd'].find({"$eval"=>"db.system.js.remove({});", "args"=>[]}, {}).limit(-1)
  MONGODB admin['$cmd'].find({:ismaster=>1}, {}).limit(-1)
  MONGODB mm-custom-functions-spec['$cmd'].find({"$eval"=>"db.system.js.remove({});", "args"=>[]}, {}).limit(-1)
  MONGODB mm-custom-functions-spec['$cmd'].find({"$eval"=>"db.system.js.insert({_id:'test', value: 'function(){}'})", "args"=>[]}, {}).limit(-1)
  MONGODB mm-custom-functions-spec['$cmd'].find({"$eval"=>"db.system.js.count()", "args"=>[]}, {}).limit(-1)
  MONGODB mm-custom-functions-spec['$cmd'].find({"$eval"=>"db.system.js.remove({});", "args"=>[]}, {}).limit(-1)
  MONGODB mm-custom-functions-spec['$cmd'].find({"$eval"=>"db.system.js.count()", "args"=>[]}, {}).limit(-1)
  MONGODB mm-custom-functions-spec['$cmd'].find({"$eval"=>"db.system.js.remove({});", "args"=>[]}, {}).limit(-1)
  MONGODB mm-custom-functions-spec['$cmd'].find({"$eval"=>"db.system.js.insert({_id:'test', value: 'function(){}'})", "args"=>[]}, {}).limit(-1)
  MONGODB mm-custom-functions-spec['$cmd'].find({"$eval"=>"db.system.js.find()", "args"=>[]}, {}).limit(-1)
  MONGODB mm-custom-functions-spec['$cmd'].find({"$eval"=>"db.system.js.findOne({_id:'test'})", "args"=>[]}, {}).limit(-1)
  MONGODB mm-custom-functions-spec['$cmd'].find({"$eval"=>"db.system.js.remove({});", "args"=>[]}, {}).limit(-1)
  MONGODB mm-custom-functions-spec['$cmd'].find({"$eval"=>"db.system.js.remove({});", "args"=>[]}, {}).limit(-1)
  MONGODB mm-custom-functions-spec['$cmd'].find({"$eval"=>"db.system.js.findOne({_id:'one'})", "args"=>[]}, {}).limit(-1)
  MONGODB mm-custom-functions-spec['$cmd'].find({"$eval"=>"db.system.js.remove({});", "args"=>[]}, {}).limit(-1)
  MONGODB mm-custom-functions-spec['$cmd'].find({"$eval"=>"db.system.js.remove({});", "args"=>[]}, {}).limit(-1)
  MONGODB admin['$cmd'].find({:ismaster=>1}, {}).limit(-1)
  MONGODB mm-custom-functions-spec['$cmd'].find({"$eval"=>"db.system.js.remove({});", "args"=>[]}, {}).limit(-1)
  MONGODB mm-custom-functions-spec['$cmd'].find({"$eval"=>"db.system.js.insert({_id:'test', value: 'function(){}'})", "args"=>[]}, {}).limit(-1)
  MONGODB mm-custom-functions-spec['$cmd'].find({"$eval"=>"db.system.js.count()", "args"=>[]}, {}).limit(-1)
  MONGODB mm-custom-functions-spec['$cmd'].find({"$eval"=>"db.system.js.remove({});", "args"=>[]}, {}).limit(-1)
  MONGODB mm-custom-functions-spec['$cmd'].find({"$eval"=>"db.system.js.count()", "args"=>[]}, {}).limit(-1)
  MONGODB mm-custom-functions-spec['$cmd'].find({"$eval"=>"db.system.js.remove({});", "args"=>[]}, {}).limit(-1)
  MONGODB mm-custom-functions-spec['$cmd'].find({"$eval"=>"db.system.js.remove({});", "args"=>[]}, {}).limit(-1)
  MONGODB mm-custom-functions-spec['$cmd'].find({"$eval"=>"db.system.js.remove({});", "args"=>[]}, {}).limit(-1)
  MONGODB mm-custom-functions-spec['$cmd'].find({"$eval"=>"db.system.js.insert({_id:'one', value: 'function(){}'})", "args"=>[]}, {}).limit(-1)
  MONGODB mm-custom-functions-spec['$cmd'].find({"$eval"=>"db.system.js.findOne({_id:'one'})", "args"=>[]}, {}).limit(-1)
  MONGODB mm-custom-functions-spec['$cmd'].find({"$eval"=>"db.system.js.remove({});", "args"=>[]}, {}).limit(-1)
  MONGODB mm-custom-functions-spec['$cmd'].find({"$eval"=>"db.system.js.remove({});", "args"=>[]}, {}).limit(-1)
  MONGODB admin['$cmd'].find({:ismaster=>1}, {}).limit(-1)
  MONGODB mm-custom-functions-spec['$cmd'].find({"$eval"=>"db.system.js.remove({});", "args"=>[]}, {}).limit(-1)
  MONGODB mm-custom-functions-spec['$cmd'].find({"$eval"=>"db.system.js.insert({_id:'test', value: 'function(){}'})", "args"=>[]}, {}).limit(-1)
  MONGODB mm-custom-functions-spec['$cmd'].find({"$eval"=>"db.system.js.count()", "args"=>[]}, {}).limit(-1)
  MONGODB mm-custom-functions-spec['$cmd'].find({"$eval"=>"db.system.js.remove({});", "args"=>[]}, {}).limit(-1)
  MONGODB mm-custom-functions-spec['$cmd'].find({"$eval"=>"db.system.js.count()", "args"=>[]}, {}).limit(-1)
  MONGODB mm-custom-functions-spec['$cmd'].find({"$eval"=>"db.system.js.remove({});", "args"=>[]}, {}).limit(-1)
  MONGODB mm-custom-functions-spec['$cmd'].find({"$eval"=>"db.system.js.remove({});", "args"=>[]}, {}).limit(-1)
  MONGODB mm-custom-functions-spec['$cmd'].find({"$eval"=>"db.system.js.remove({});", "args"=>[]}, {}).limit(-1)
  MONGODB mm-custom-functions-spec['$cmd'].find({"$eval"=>"db.system.js.insert({_id:'one', value: 'function(){}'})", "args"=>[]}, {}).limit(-1)
  MONGODB mm-custom-functions-spec['$cmd'].find({"$eval"=>"db.system.js.findOne({_id:'one'})", "args"=>[]}, {}).limit(-1)
  MONGODB mm-custom-functions-spec['$cmd'].find({"$eval"=>"db.system.js.remove({});", "args"=>[]}, {}).limit(-1)
  MONGODB mm-custom-functions-spec['$cmd'].find({"$eval"=>"db.system.js.remove({});", "args"=>[]}, {}).limit(-1)
  MONGODB admin['$cmd'].find({:ismaster=>1}, {}).limit(-1)
  MONGODB mm-custom-functions-spec['$cmd'].find({"$eval"=>"db.system.js.remove({});", "args"=>[]}, {}).limit(-1)
  MONGODB mm-custom-functions-spec['$cmd'].find({"$eval"=>"db.system.js.insert({_id:'test', value: 'function(){}'})", "args"=>[]}, {}).limit(-1)
  MONGODB mm-custom-functions-spec['$cmd'].find({"$eval"=>"db.system.js.count()", "args"=>[]}, {}).limit(-1)
  MONGODB mm-custom-functions-spec['$cmd'].find({"$eval"=>"db.system.js.remove({});", "args"=>[]}, {}).limit(-1)
  MONGODB mm-custom-functions-spec['$cmd'].find({"$eval"=>"db.system.js.count()", "args"=>[]}, {}).limit(-1)
  MONGODB mm-custom-functions-spec['$cmd'].find({"$eval"=>"db.system.js.remove({});", "args"=>[]}, {}).limit(-1)
  MONGODB mm-custom-functions-spec['$cmd'].find({"$eval"=>"db.system.js.remove({});", "args"=>[]}, {}).limit(-1)
  MONGODB mm-custom-functions-spec['$cmd'].find({"$eval"=>"db.system.js.remove({});", "args"=>[]}, {}).limit(-1)
  MONGODB mm-custom-functions-spec['$cmd'].find({"$eval"=>"db.system.js.insert({_id:'one', value: 'function(){}'})", "args"=>[]}, {}).limit(-1)
  MONGODB mm-custom-functions-spec['$cmd'].find({"$eval"=>"db.system.js.findOne({_id:'one'})", "args"=>[]}, {}).limit(-1)
  MONGODB mm-custom-functions-spec['$cmd'].find({"$eval"=>"db.system.js.remove({});", "args"=>[]}, {}).limit(-1)
  MONGODB mm-custom-functions-spec['$cmd'].find({"$eval"=>"db.system.js.remove({});", "args"=>[]}, {}).limit(-1)
  MONGODB admin['$cmd'].find({:ismaster=>1}, {}).limit(-1)
  MONGODB mm-custom-functions-spec['$cmd'].find({"$eval"=>"db.system.js.remove({});", "args"=>[]}, {}).limit(-1)
  MONGODB mm-custom-functions-spec['$cmd'].find({"$eval"=>"db.system.js.insert({_id:'test', value: 'function(){}'})", "args"=>[]}, {}).limit(-1)
  MONGODB mm-custom-functions-spec['$cmd'].find({"$eval"=>"db.system.js.count()", "args"=>[]}, {}).limit(-1)
  MONGODB mm-custom-functions-spec['$cmd'].find({"$eval"=>"db.system.js.remove({});", "args"=>[]}, {}).limit(-1)
  MONGODB mm-custom-functions-spec['$cmd'].find({"$eval"=>"db.system.js.count()", "args"=>[]}, {}).limit(-1)
  MONGODB mm-custom-functions-spec['$cmd'].find({"$eval"=>"db.system.js.remove({});", "args"=>[]}, {}).limit(-1)
  MONGODB mm-custom-functions-spec['$cmd'].find({"$eval"=>"db.system.js.remove({});", "args"=>[]}, {}).limit(-1)
  MONGODB mm-custom-functions-spec['$cmd'].find({"$eval"=>"db.system.js.remove({});", "args"=>[]}, {}).limit(-1)
  MONGODB mm-custom-functions-spec['$cmd'].find({"$eval"=>"db.system.js.findOne({_id:'one'})", "args"=>[]}, {}).limit(-1)
  MONGODB mm-custom-functions-spec['$cmd'].find({"$eval"=>"db.system.js.remove({});", "args"=>[]}, {}).limit(-1)
  MONGODB mm-custom-functions-spec['$cmd'].find({"$eval"=>"db.system.js.remove({});", "args"=>[]}, {}).limit(-1)
  MONGODB admin['$cmd'].find({:ismaster=>1}, {}).limit(-1)
  MONGODB mm-custom-functions-spec['$cmd'].find({"$eval"=>"db.system.js.remove({});", "args"=>[]}, {}).limit(-1)
  MONGODB mm-custom-functions-spec['$cmd'].find({"$eval"=>"db.system.js.insert({_id:'test', value: 'function(){}'})", "args"=>[]}, {}).limit(-1)
  MONGODB mm-custom-functions-spec['$cmd'].find({"$eval"=>"db.system.js.count()", "args"=>[]}, {}).limit(-1)
  MONGODB mm-custom-functions-spec['$cmd'].find({"$eval"=>"db.system.js.remove({});", "args"=>[]}, {}).limit(-1)
  MONGODB mm-custom-functions-spec['$cmd'].find({"$eval"=>"db.system.js.count()", "args"=>[]}, {}).limit(-1)
  MONGODB mm-custom-functions-spec['$cmd'].find({"$eval"=>"db.system.js.remove({});", "args"=>[]}, {}).limit(-1)
  MONGODB mm-custom-functions-spec['$cmd'].find({"$eval"=>"db.system.js.remove({});", "args"=>[]}, {}).limit(-1)
  MONGODB mm-custom-functions-spec['$cmd'].find({"$eval"=>"db.system.js.remove({});", "args"=>[]}, {}).limit(-1)
  MONGODB mm-custom-functions-spec['$cmd'].find({"$eval"=>"db.system.js.findOne({_id:'one'})", "args"=>[]}, {}).limit(-1)
  MONGODB mm-custom-functions-spec['$cmd'].find({"$eval"=>"db.system.js.remove({});", "args"=>[]}, {}).limit(-1)
  MONGODB mm-custom-functions-spec['$cmd'].find({"$eval"=>"db.system.js.remove({});", "args"=>[]}, {}).limit(-1)
  MONGODB admin['$cmd'].find({:ismaster=>1}, {}).limit(-1)
  MONGODB mm-custom-functions-spec['$cmd'].find({"$eval"=>"db.system.js.remove({});", "args"=>[]}, {}).limit(-1)
  MONGODB mm-custom-functions-spec['$cmd'].find({"$eval"=>"db.system.js.insert({_id:'test', value: 'function(){}'})", "args"=>[]}, {}).limit(-1)
  MONGODB mm-custom-functions-spec['$cmd'].find({"$eval"=>"db.system.js.count()", "args"=>[]}, {}).limit(-1)
  MONGODB mm-custom-functions-spec['$cmd'].find({"$eval"=>"db.system.js.remove({});", "args"=>[]}, {}).limit(-1)
  MONGODB mm-custom-functions-spec['$cmd'].find({"$eval"=>"db.system.js.count()", "args"=>[]}, {}).limit(-1)
  MONGODB mm-custom-functions-spec['$cmd'].find({"$eval"=>"db.system.js.remove({});", "args"=>[]}, {}).limit(-1)
  MONGODB mm-custom-functions-spec['$cmd'].find({"$eval"=>"db.system.js.remove({});", "args"=>[]}, {}).limit(-1)
  MONGODB mm-custom-functions-spec['$cmd'].find({"$eval"=>"db.system.js.remove({});", "args"=>[]}, {}).limit(-1)
  MONGODB mm-custom-functions-spec['$cmd'].find({"$eval"=>"db.system.js.findOne({_id:'one'})", "args"=>[]}, {}).limit(-1)
  MONGODB mm-custom-functions-spec['$cmd'].find({"$eval"=>"db.system.js.remove({});", "args"=>[]}, {}).limit(-1)
  MONGODB mm-custom-functions-spec['$cmd'].find({"$eval"=>"db.system.js.remove({});", "args"=>[]}, {}).limit(-1)
  MONGODB mm-custom-functions-spec['$cmd'].find({"$eval"=>"db.system.js.remove({});", "args"=>[]}, {}).limit(-1)
  MONGODB admin['$cmd'].find({:ismaster=>1}, {}).limit(-1)
  MONGODB mm-custom-functions-spec['$cmd'].find({"$eval"=>"db.system.js.remove({});", "args"=>[]}, {}).limit(-1)
  MONGODB mm-custom-functions-spec['$cmd'].find({"$eval"=>"db.system.js.insert({_id:'test', value: 'function(){}'})", "args"=>[]}, {}).limit(-1)
  MONGODB mm-custom-functions-spec['$cmd'].find({"$eval"=>"db.system.js.count()", "args"=>[]}, {}).limit(-1)
  MONGODB mm-custom-functions-spec['$cmd'].find({"$eval"=>"db.system.js.remove({});", "args"=>[]}, {}).limit(-1)
  MONGODB mm-custom-functions-spec['$cmd'].find({"$eval"=>"db.system.js.count()", "args"=>[]}, {}).limit(-1)
  MONGODB mm-custom-functions-spec['$cmd'].find({"$eval"=>"db.system.js.remove({});", "args"=>[]}, {}).limit(-1)
  MONGODB mm-custom-functions-spec['$cmd'].find({"$eval"=>"db.system.js.remove({});", "args"=>[]}, {}).limit(-1)
  MONGODB mm-custom-functions-spec['$cmd'].find({"$eval"=>"db.system.js.remove({});", "args"=>[]}, {}).limit(-1)
  MONGODB mm-custom-functions-spec['$cmd'].find({"$eval"=>"db.system.js.insert({})", "args"=>[]}, {}).limit(-1)
  MONGODB mm-custom-functions-spec['$cmd'].find({"$eval"=>"db.system.js.findOne({_id:'one'})", "args"=>[]}, {}).limit(-1)
  MONGODB mm-custom-functions-spec['$cmd'].find({"$eval"=>"db.system.js.remove({});", "args"=>[]}, {}).limit(-1)
  MONGODB mm-custom-functions-spec['$cmd'].find({"$eval"=>"db.system.js.remove({});", "args"=>[]}, {}).limit(-1)
  MONGODB mm-custom-functions-spec['$cmd'].find({"$eval"=>"db.system.js.remove({});", "args"=>[]}, {}).limit(-1)
  MONGODB admin['$cmd'].find({:ismaster=>1}, {}).limit(-1)
  MONGODB mm-custom-functions-spec['$cmd'].find({"$eval"=>"db.system.js.remove({});", "args"=>[]}, {}).limit(-1)
  MONGODB mm-custom-functions-spec['$cmd'].find({"$eval"=>"db.system.js.insert({_id:'test', value: 'function(){}'})", "args"=>[]}, {}).limit(-1)
  MONGODB mm-custom-functions-spec['$cmd'].find({"$eval"=>"db.system.js.count()", "args"=>[]}, {}).limit(-1)
  MONGODB mm-custom-functions-spec['$cmd'].find({"$eval"=>"db.system.js.remove({});", "args"=>[]}, {}).limit(-1)
  MONGODB mm-custom-functions-spec['$cmd'].find({"$eval"=>"db.system.js.remove({});", "args"=>[]}, {}).limit(-1)
  MONGODB mm-custom-functions-spec['$cmd'].find({"$eval"=>"db.system.js.remove({});", "args"=>[]}, {}).limit(-1)
  MONGODB mm-custom-functions-spec['$cmd'].find({"$eval"=>"db.system.js.insert({})", "args"=>[]}, {}).limit(-1)
  MONGODB mm-custom-functions-spec['$cmd'].find({"$eval"=>"db.system.js.findOne({_id:'one'})", "args"=>[]}, {}).limit(-1)
  MONGODB mm-custom-functions-spec['$cmd'].find({"$eval"=>"db.system.js.remove({});", "args"=>[]}, {}).limit(-1)
  MONGODB mm-custom-functions-spec['$cmd'].find({"$eval"=>"db.system.js.remove({});", "args"=>[]}, {}).limit(-1)
  MONGODB mm-custom-functions-spec['$cmd'].find({"$eval"=>"db.system.js.remove({});", "args"=>[]}, {}).limit(-1)
  MONGODB admin['$cmd'].find({:ismaster=>1}, {}).limit(-1)
  MONGODB mm-custom-functions-spec['$cmd'].find({"$eval"=>"db.system.js.remove({});", "args"=>[]}, {}).limit(-1)
  MONGODB mm-custom-functions-spec['$cmd'].find({"$eval"=>"db.system.js.insert({_id:'test', value: 'function(){}'})", "args"=>[]}, {}).limit(-1)
  MONGODB mm-custom-functions-spec['$cmd'].find({"$eval"=>"db.system.js.count()", "args"=>[]}, {}).limit(-1)
  MONGODB mm-custom-functions-spec['$cmd'].find({"$eval"=>"db.system.js.remove({});", "args"=>[]}, {}).limit(-1)
  MONGODB mm-custom-functions-spec['$cmd'].find({"$eval"=>"db.system.js.remove({});", "args"=>[]}, {}).limit(-1)
  MONGODB mm-custom-functions-spec['$cmd'].find({"$eval"=>"db.system.js.remove({});", "args"=>[]}, {}).limit(-1)
  MONGODB mm-custom-functions-spec['$cmd'].find({"$eval"=>"db.system.js.findOne({_id:'one'})", "args"=>[]}, {}).limit(-1)
  MONGODB mm-custom-functions-spec['$cmd'].find({"$eval"=>"db.system.js.remove({});", "args"=>[]}, {}).limit(-1)
  MONGODB mm-custom-functions-spec['$cmd'].find({"$eval"=>"db.system.js.remove({});", "args"=>[]}, {}).limit(-1)
  MONGODB mm-custom-functions-spec['$cmd'].find({"$eval"=>"db.system.js.remove({});", "args"=>[]}, {}).limit(-1)
  MONGODB admin['$cmd'].find({:ismaster=>1}, {}).limit(-1)
  MONGODB mm-custom-functions-spec['$cmd'].find({"$eval"=>"db.system.js.remove({});", "args"=>[]}, {}).limit(-1)
  MONGODB mm-custom-functions-spec['$cmd'].find({"$eval"=>"db.system.js.insert({_id:'test', value: 'function(){}'})", "args"=>[]}, {}).limit(-1)
  MONGODB mm-custom-functions-spec['$cmd'].find({"$eval"=>"db.system.js.count()", "args"=>[]}, {}).limit(-1)
  MONGODB mm-custom-functions-spec['$cmd'].find({"$eval"=>"db.system.js.remove({});", "args"=>[]}, {}).limit(-1)
  MONGODB mm-custom-functions-spec['$cmd'].find({"$eval"=>"db.system.js.remove({});", "args"=>[]}, {}).limit(-1)
  MONGODB mm-custom-functions-spec['$cmd'].find({"$eval"=>"db.system.js.remove({});", "args"=>[]}, {}).limit(-1)
  MONGODB mm-custom-functions-spec['$cmd'].find({"$eval"=>"db.system.js.findOne({_id:'one'})", "args"=>[]}, {}).limit(-1)
  MONGODB mm-custom-functions-spec['$cmd'].find({"$eval"=>"db.system.js.remove({});", "args"=>[]}, {}).limit(-1)
  MONGODB mm-custom-functions-spec['$cmd'].find({"$eval"=>"db.system.js.remove({});", "args"=>[]}, {}).limit(-1)
  MONGODB mm-custom-functions-spec['$cmd'].find({"$eval"=>"db.system.js.remove({});", "args"=>[]}, {}).limit(-1)
  MONGODB admin['$cmd'].find({:ismaster=>1}, {}).limit(-1)
  MONGODB mm-custom-functions-spec['$cmd'].find({"$eval"=>"db.system.js.remove({});", "args"=>[]}, {}).limit(-1)
  MONGODB mm-custom-functions-spec['$cmd'].find({"$eval"=>"db.system.js.insert({_id:'test', value: 'function(){}'})", "args"=>[]}, {}).limit(-1)
  MONGODB mm-custom-functions-spec['$cmd'].find({"$eval"=>"db.system.js.count()", "args"=>[]}, {}).limit(-1)
  MONGODB mm-custom-functions-spec['$cmd'].find({"$eval"=>"db.system.js.remove({});", "args"=>[]}, {}).limit(-1)
  MONGODB mm-custom-functions-spec['$cmd'].find({"$eval"=>"db.system.js.count()", "args"=>[]}, {}).limit(-1)
  MONGODB mm-custom-functions-spec['$cmd'].find({"$eval"=>"db.system.js.remove({});", "args"=>[]}, {}).limit(-1)
  MONGODB mm-custom-functions-spec['$cmd'].find({"$eval"=>"db.system.js.remove({});", "args"=>[]}, {}).limit(-1)
  MONGODB mm-custom-functions-spec['$cmd'].find({"$eval"=>"db.system.js.remove({});", "args"=>[]}, {}).limit(-1)
  MONGODB mm-custom-functions-spec['$cmd'].find({"$eval"=>"db.system.js.findOne({_id:'one'})", "args"=>[]}, {}).limit(-1)
  MONGODB mm-custom-functions-spec['$cmd'].find({"$eval"=>"db.system.js.remove({});", "args"=>[]}, {}).limit(-1)
  MONGODB mm-custom-functions-spec['$cmd'].find({"$eval"=>"db.system.js.remove({});", "args"=>[]}, {}).limit(-1)
  MONGODB mm-custom-functions-spec['$cmd'].find({"$eval"=>"db.system.js.remove({});", "args"=>[]}, {}).limit(-1)
  MONGODB admin['$cmd'].find({:ismaster=>1}, {}).limit(-1)
  MONGODB mm-custom-functions-spec['$cmd'].find({"$eval"=>"db.system.js.remove({});", "args"=>[]}, {}).limit(-1)
  MONGODB mm-custom-functions-spec['$cmd'].find({"$eval"=>"db.system.js.insert({_id:'test', value: 'function(){}'})", "args"=>[]}, {}).limit(-1)
  MONGODB mm-custom-functions-spec['$cmd'].find({"$eval"=>"db.system.js.count()", "args"=>[]}, {}).limit(-1)
  MONGODB mm-custom-functions-spec['$cmd'].find({"$eval"=>"db.system.js.remove({});", "args"=>[]}, {}).limit(-1)
  MONGODB mm-custom-functions-spec['$cmd'].find({"$eval"=>"db.system.js.remove({});", "args"=>[]}, {}).limit(-1)
  MONGODB mm-custom-functions-spec['$cmd'].find({"$eval"=>"db.system.js.remove({});", "args"=>[]}, {}).limit(-1)
  MONGODB mm-custom-functions-spec['$cmd'].find({"$eval"=>"db.system.js.findOne({_id:'one'})", "args"=>[]}, {}).limit(-1)
  MONGODB mm-custom-functions-spec['$cmd'].find({"$eval"=>"db.system.js.remove({});", "args"=>[]}, {}).limit(-1)
  MONGODB mm-custom-functions-spec['$cmd'].find({"$eval"=>"db.system.js.remove({});", "args"=>[]}, {}).limit(-1)
  MONGODB mm-custom-functions-spec['$cmd'].find({"$eval"=>"db.system.js.remove({});", "args"=>[]}, {}).limit(-1)
  MONGODB admin['$cmd'].find({:ismaster=>1}, {}).limit(-1)
  MONGODB admin['$cmd'].find({:ismaster=>1}, {}).limit(-1)
  MONGODB mm-custom-functions-spec['$cmd'].find({"$eval"=>"db.system.js.remove({});", "args"=>[]}, {}).limit(-1)
  MONGODB mm-custom-functions-spec['$cmd'].find({"$eval"=>"db.system.js.insert({_id:'test', value: 'function(){}'})", "args"=>[]}, {}).limit(-1)
  MONGODB mm-custom-functions-spec['$cmd'].find({"$eval"=>"db.system.js.count()", "args"=>[]}, {}).limit(-1)
  MONGODB mm-custom-functions-spec['$cmd'].find({"$eval"=>"db.system.js.remove({});", "args"=>[]}, {}).limit(-1)
  MONGODB mm-custom-functions-spec['$cmd'].find({"$eval"=>"db.system.js.count()", "args"=>[]}, {}).limit(-1)
  MONGODB mm-custom-functions-spec['$cmd'].find({"$eval"=>"db.system.js.remove({});", "args"=>[]}, {}).limit(-1)
  MONGODB mm-custom-functions-spec['$cmd'].find({"$eval"=>"db.system.js.remove({});", "args"=>[]}, {}).limit(-1)
  MONGODB mm-custom-functions-spec['$cmd'].find({"$eval"=>"db.system.js.remove({});", "args"=>[]}, {}).limit(-1)
  MONGODB mm-custom-functions-spec['$cmd'].find({"$eval"=>"db.system.js.findOne({_id:'one'})", "args"=>[]}, {}).limit(-1)
  MONGODB mm-custom-functions-spec['$cmd'].find({"$eval"=>"db.system.js.remove({});", "args"=>[]}, {}).limit(-1)
  MONGODB mm-custom-functions-spec['$cmd'].find({"$eval"=>"db.system.js.remove({});", "args"=>[]}, {}).limit(-1)
  MONGODB mm-custom-functions-spec['$cmd'].find({"$eval"=>"db.system.js.remove({});", "args"=>[]}, {}).limit(-1)
  MONGODB admin['$cmd'].find({:ismaster=>1}, {}).limit(-1)
  MONGODB mm-custom-functions-spec['$cmd'].find({"$eval"=>"db.system.js.remove({});", "args"=>[]}, {}).limit(-1)
  MONGODB mm-custom-functions-spec['$cmd'].find({"$eval"=>"db.system.js.insert({_id:'test', value: 'function(){}'})", "args"=>[]}, {}).limit(-1)
  MONGODB mm-custom-functions-spec['$cmd'].find({"$eval"=>"db.system.js.count()", "args"=>[]}, {}).limit(-1)
  MONGODB mm-custom-functions-spec['$cmd'].find({"$eval"=>"db.system.js.remove({});", "args"=>[]}, {}).limit(-1)
  MONGODB mm-custom-functions-spec['$cmd'].find({"$eval"=>"db.system.js.count()", "args"=>[]}, {}).limit(-1)
  MONGODB mm-custom-functions-spec['$cmd'].find({"$eval"=>"db.system.js.remove({});", "args"=>[]}, {}).limit(-1)
  MONGODB mm-custom-functions-spec['$cmd'].find({"$eval"=>"db.system.js.remove({});", "args"=>[]}, {}).limit(-1)
  MONGODB mm-custom-functions-spec['$cmd'].find({"$eval"=>"db.system.js.remove({});", "args"=>[]}, {}).limit(-1)
  MONGODB mm-custom-functions-spec['$cmd'].find({"$eval"=>"db.system.js.findOne({_id:'one'})", "args"=>[]}, {}).limit(-1)
  MONGODB mm-custom-functions-spec['$cmd'].find({"$eval"=>"db.system.js.remove({});", "args"=>[]}, {}).limit(-1)
  MONGODB mm-custom-functions-spec['$cmd'].find({"$eval"=>"db.system.js.remove({});", "args"=>[]}, {}).limit(-1)
  MONGODB mm-custom-functions-spec['$cmd'].find({"$eval"=>"db.system.js.remove({});", "args"=>[]}, {}).limit(-1)
  MONGODB admin['$cmd'].find({:ismaster=>1}, {}).limit(-1)
  MONGODB mm-custom-functions-spec['$cmd'].find({"$eval"=>"db.system.js.remove({});", "args"=>[]}, {}).limit(-1)
  MONGODB mm-custom-functions-spec['$cmd'].find({"$eval"=>"db.system.js.insert({_id:'test', value: 'function(){}'})", "args"=>[]}, {}).limit(-1)
  MONGODB mm-custom-functions-spec['$cmd'].find({"$eval"=>"db.system.js.count()", "args"=>[]}, {}).limit(-1)
  MONGODB mm-custom-functions-spec['$cmd'].find({"$eval"=>"db.system.js.remove({});", "args"=>[]}, {}).limit(-1)
  MONGODB mm-custom-functions-spec['$cmd'].find({"$eval"=>"db.system.js.count()", "args"=>[]}, {}).limit(-1)
  MONGODB mm-custom-functions-spec['$cmd'].find({"$eval"=>"db.system.js.remove({});", "args"=>[]}, {}).limit(-1)
  MONGODB mm-custom-functions-spec['$cmd'].find({"$eval"=>"db.system.js.remove({});", "args"=>[]}, {}).limit(-1)
  MONGODB mm-custom-functions-spec['$cmd'].find({"$eval"=>"db.system.js.remove({});", "args"=>[]}, {}).limit(-1)
  MONGODB mm-custom-functions-spec['$cmd'].find({"$eval"=>"db.system.js.findOne({_id:'one'})", "args"=>[]}, {}).limit(-1)
  MONGODB mm-custom-functions-spec['$cmd'].find({"$eval"=>"db.system.js.remove({});", "args"=>[]}, {}).limit(-1)
  MONGODB mm-custom-functions-spec['$cmd'].find({"$eval"=>"db.system.js.remove({});", "args"=>[]}, {}).limit(-1)
  MONGODB mm-custom-functions-spec['$cmd'].find({"$eval"=>"db.system.js.remove({});", "args"=>[]}, {}).limit(-1)
  MONGODB admin['$cmd'].find({:ismaster=>1}, {}).limit(-1)
  MONGODB mm-custom-functions-spec['$cmd'].find({"$eval"=>"db.system.js.remove({});", "args"=>[]}, {}).limit(-1)
  MONGODB admin['$cmd'].find({:ismaster=>1}, {}).limit(-1)
  MONGODB mm-custom-functions-spec['$cmd'].find({"$eval"=>"db.system.js.remove({});", "args"=>[]}, {}).limit(-1)
  MONGODB admin['$cmd'].find({:ismaster=>1}, {}).limit(-1)
  MONGODB mm-custom-functions-spec['$cmd'].find({"$eval"=>"db.system.js.remove({});", "args"=>[]}, {}).limit(-1)
  MONGODB admin['$cmd'].find({:ismaster=>1}, {}).limit(-1)
  MONGODB mm-custom-functions-spec['$cmd'].find({"$eval"=>"db.system.js.remove({});", "args"=>[]}, {}).limit(-1)
  MONGODB admin['$cmd'].find({:ismaster=>1}, {}).limit(-1)
  MONGODB mm-custom-functions-spec['$cmd'].find({"$eval"=>"db.system.js.remove({});", "args"=>[]}, {}).limit(-1)
  MONGODB admin['$cmd'].find({:ismaster=>1}, {}).limit(-1)
  MONGODB mm-custom-functions-spec['$cmd'].find({"$eval"=>"db.system.js.remove({});", "args"=>[]}, {}).limit(-1)
  MONGODB admin['$cmd'].find({:ismaster=>1}, {}).limit(-1)
  MONGODB mm-custom-functions-spec['$cmd'].find({"$eval"=>"db.system.js.remove({});", "args"=>[]}, {}).limit(-1)
  MONGODB mm-custom-functions-spec['$cmd'].find({"$eval"=>"db.system.js.insert({_id:'test', value: 'function(){}'})", "args"=>[]}, {}).limit(-1)
  MONGODB mm-custom-functions-spec['$cmd'].find({"$eval"=>"db.system.js.count()", "args"=>[]}, {}).limit(-1)
  MONGODB mm-custom-functions-spec['$cmd'].find({"$eval"=>"db.system.js.remove({});", "args"=>[]}, {}).limit(-1)
  MONGODB mm-custom-functions-spec['$cmd'].find({"$eval"=>"db.system.js.count()", "args"=>[]}, {}).limit(-1)
  MONGODB mm-custom-functions-spec['$cmd'].find({"$eval"=>"db.system.js.remove({});", "args"=>[]}, {}).limit(-1)
  MONGODB mm-custom-functions-spec['$cmd'].find({"$eval"=>"db.system.js.remove({});", "args"=>[]}, {}).limit(-1)
  MONGODB mm-custom-functions-spec['$cmd'].find({"$eval"=>"db.system.js.remove({});", "args"=>[]}, {}).limit(-1)
  MONGODB mm-custom-functions-spec['$cmd'].find({"$eval"=>"db.system.js.findOne({_id:'one'})", "args"=>[]}, {}).limit(-1)
  MONGODB mm-custom-functions-spec['$cmd'].find({"$eval"=>"db.system.js.remove({});", "args"=>[]}, {}).limit(-1)
  MONGODB mm-custom-functions-spec['$cmd'].find({"$eval"=>"db.system.js.remove({});", "args"=>[]}, {}).limit(-1)
  MONGODB mm-custom-functions-spec['$cmd'].find({"$eval"=>"db.system.js.remove({});", "args"=>[]}, {}).limit(-1)
  MONGODB admin['$cmd'].find({:ismaster=>1}, {}).limit(-1)
  MONGODB mm-custom-functions-spec['$cmd'].find({"$eval"=>"db.system.js.remove({});", "args"=>[]}, {}).limit(-1)
  MONGODB mm-custom-functions-spec['$cmd'].find({"$eval"=>"db.system.js.insert({_id:'test', value: 'function(){}'})", "args"=>[]}, {}).limit(-1)
  MONGODB mm-custom-functions-spec['$cmd'].find({"$eval"=>"db.system.js.count()", "args"=>[]}, {}).limit(-1)
  MONGODB mm-custom-functions-spec['$cmd'].find({"$eval"=>"db.system.js.remove({});", "args"=>[]}, {}).limit(-1)
  MONGODB mm-custom-functions-spec['$cmd'].find({"$eval"=>"db.system.js.count()", "args"=>[]}, {}).limit(-1)
  MONGODB mm-custom-functions-spec['$cmd'].find({"$eval"=>"db.system.js.remove({});", "args"=>[]}, {}).limit(-1)
  MONGODB mm-custom-functions-spec['$cmd'].find({"$eval"=>"db.system.js.remove({});", "args"=>[]}, {}).limit(-1)
  MONGODB mm-custom-functions-spec['$cmd'].find({"$eval"=>"db.system.js.remove({});", "args"=>[]}, {}).limit(-1)
  MONGODB mm-custom-functions-spec['$cmd'].find({"$eval"=>"db.system.js.findOne({_id:'one'})", "args"=>[]}, {}).limit(-1)
  MONGODB mm-custom-functions-spec['$cmd'].find({"$eval"=>"db.system.js.remove({});", "args"=>[]}, {}).limit(-1)
  MONGODB mm-custom-functions-spec['$cmd'].find({"$eval"=>"db.system.js.remove({});", "args"=>[]}, {}).limit(-1)
  MONGODB mm-custom-functions-spec['$cmd'].find({"$eval"=>"db.system.js.remove({});", "args"=>[]}, {}).limit(-1)
  MONGODB admin['$cmd'].find({:ismaster=>1}, {}).limit(-1)
  MONGODB mm-custom-functions-spec['$cmd'].find({"$eval"=>"db.system.js.remove({});", "args"=>[]}, {}).limit(-1)
  MONGODB mm-custom-functions-spec['$cmd'].find({"$eval"=>"db.system.js.insert({_id:'test', value: 'function(){}'})", "args"=>[]}, {}).limit(-1)
  MONGODB mm-custom-functions-spec['$cmd'].find({"$eval"=>"db.system.js.count()", "args"=>[]}, {}).limit(-1)
  MONGODB mm-custom-functions-spec['$cmd'].find({"$eval"=>"db.system.js.remove({});", "args"=>[]}, {}).limit(-1)
  MONGODB mm-custom-functions-spec['$cmd'].find({"$eval"=>"db.system.js.count()", "args"=>[]}, {}).limit(-1)
  MONGODB mm-custom-functions-spec['$cmd'].find({"$eval"=>"db.system.js.remove({});", "args"=>[]}, {}).limit(-1)
  MONGODB mm-custom-functions-spec['$cmd'].find({"$eval"=>"db.system.js.remove({});", "args"=>[]}, {}).limit(-1)
  MONGODB mm-custom-functions-spec['$cmd'].find({"$eval"=>"db.system.js.remove({});", "args"=>[]}, {}).limit(-1)
  MONGODB mm-custom-functions-spec['$cmd'].find({"$eval"=>"db.system.js.findOne({_id:'one'})", "args"=>[]}, {}).limit(-1)
  MONGODB mm-custom-functions-spec['$cmd'].find({"$eval"=>"db.system.js.remove({});", "args"=>[]}, {}).limit(-1)
  MONGODB mm-custom-functions-spec['$cmd'].find({"$eval"=>"db.system.js.remove({});", "args"=>[]}, {}).limit(-1)
  MONGODB mm-custom-functions-spec['$cmd'].find({"$eval"=>"db.system.js.remove({});", "args"=>[]}, {}).limit(-1)
  MONGODB admin['$cmd'].find({:ismaster=>1}, {}).limit(-1)
  MONGODB mm-custom-functions-spec['$cmd'].find({"$eval"=>"db.system.js.remove({});", "args"=>[]}, {}).limit(-1)
  MONGODB mm-custom-functions-spec['$cmd'].find({"$eval"=>"db.system.js.insert({_id:'test', value: 'function(){}'})", "args"=>[]}, {}).limit(-1)
  MONGODB mm-custom-functions-spec['$cmd'].find({"$eval"=>"db.system.js.count()", "args"=>[]}, {}).limit(-1)
  MONGODB mm-custom-functions-spec['$cmd'].find({"$eval"=>"db.system.js.remove({});", "args"=>[]}, {}).limit(-1)
  MONGODB mm-custom-functions-spec['$cmd'].find({"$eval"=>"db.system.js.count()", "args"=>[]}, {}).limit(-1)
  MONGODB mm-custom-functions-spec['$cmd'].find({"$eval"=>"db.system.js.remove({});", "args"=>[]}, {}).limit(-1)
  MONGODB mm-custom-functions-spec['$cmd'].find({"$eval"=>"db.system.js.remove({});", "args"=>[]}, {}).limit(-1)
  MONGODB mm-custom-functions-spec['$cmd'].find({"$eval"=>"db.system.js.remove({});", "args"=>[]}, {}).limit(-1)
  MONGODB mm-custom-functions-spec['$cmd'].find({"$eval"=>"db.system.js.insert({\"value\":\"function(){ return 1; }\",\"_id\":\"one\"})", "args"=>[]}, {}).limit(-1)
  MONGODB mm-custom-functions-spec['$cmd'].find({"$eval"=>"db.system.js.findOne({_id:'one'})", "args"=>[]}, {}).limit(-1)
  MONGODB mm-custom-functions-spec['$cmd'].find({"$eval"=>"db.system.js.remove({});", "args"=>[]}, {}).limit(-1)
  MONGODB mm-custom-functions-spec['$cmd'].find({"$eval"=>"db.system.js.remove({});", "args"=>[]}, {}).limit(-1)
  MONGODB mm-custom-functions-spec['$cmd'].find({"$eval"=>"db.system.js.remove({});", "args"=>[]}, {}).limit(-1)
  MONGODB admin['$cmd'].find({:ismaster=>1}, {}).limit(-1)
  MONGODB mm-custom-functions-spec['$cmd'].find({"$eval"=>"db.system.js.remove({});", "args"=>[]}, {}).limit(-1)
  MONGODB mm-custom-functions-spec['$cmd'].find({"$eval"=>"db.system.js.insert({_id:'test', value: 'function(){}'})", "args"=>[]}, {}).limit(-1)
  MONGODB mm-custom-functions-spec['$cmd'].find({"$eval"=>"db.system.js.count()", "args"=>[]}, {}).limit(-1)
  MONGODB mm-custom-functions-spec['$cmd'].find({"$eval"=>"db.system.js.remove({});", "args"=>[]}, {}).limit(-1)
  MONGODB mm-custom-functions-spec['$cmd'].find({"$eval"=>"db.system.js.count()", "args"=>[]}, {}).limit(-1)
  MONGODB mm-custom-functions-spec['$cmd'].find({"$eval"=>"db.system.js.remove({});", "args"=>[]}, {}).limit(-1)
  MONGODB mm-custom-functions-spec['$cmd'].find({"$eval"=>"db.system.js.insert({_id:'test', value: 'function(){}'})", "args"=>[]}, {}).limit(-1)
  MONGODB mm-custom-functions-spec['$cmd'].find({"$eval"=>"db.system.js.remove({});", "args"=>[]}, {}).limit(-1)
  MONGODB mm-custom-functions-spec['$cmd'].find({"$eval"=>"db.system.js.remove({});", "args"=>[]}, {}).limit(-1)
  MONGODB mm-custom-functions-spec['$cmd'].find({"$eval"=>"db.system.js.insert({_id:'one', value: 'function(){ return 99; }'})", "args"=>[]}, {}).limit(-1)
  MONGODB mm-custom-functions-spec['$cmd'].find({"$eval"=>"db.system.js.remove({});", "args"=>[]}, {}).limit(-1)
  MONGODB mm-custom-functions-spec['$cmd'].find({"$eval"=>"db.system.js.remove({});", "args"=>[]}, {}).limit(-1)
  MONGODB mm-custom-functions-spec['$cmd'].find({"$eval"=>"db.system.js.remove({});", "args"=>[]}, {}).limit(-1)
  MONGODB mm-custom-functions-spec['$cmd'].find({"$eval"=>"db.system.js.insert({\"value\":\"function(){ return 1; }\",\"_id\":\"one\"})", "args"=>[]}, {}).limit(-1)
  MONGODB mm-custom-functions-spec['$cmd'].find({"$eval"=>"db.system.js.findOne({_id:'one'})", "args"=>[]}, {}).limit(-1)
  MONGODB mm-custom-functions-spec['$cmd'].find({"$eval"=>"db.system.js.remove({});", "args"=>[]}, {}).limit(-1)
  MONGODB mm-custom-functions-spec['$cmd'].find({"$eval"=>"db.system.js.remove({});", "args"=>[]}, {}).limit(-1)
  MONGODB mm-custom-functions-spec['$cmd'].find({"$eval"=>"db.system.js.remove({});", "args"=>[]}, {}).limit(-1)
  MONGODB admin['$cmd'].find({:ismaster=>1}, {}).limit(-1)
  MONGODB mm-custom-functions-spec['$cmd'].find({"$eval"=>"db.system.js.remove({});", "args"=>[]}, {}).limit(-1)
  MONGODB mm-custom-functions-spec['$cmd'].find({"$eval"=>"db.system.js.insert({_id:'test', value: 'function(){}'})", "args"=>[]}, {}).limit(-1)
  MONGODB mm-custom-functions-spec['$cmd'].find({"$eval"=>"db.system.js.count()", "args"=>[]}, {}).limit(-1)
  MONGODB mm-custom-functions-spec['$cmd'].find({"$eval"=>"db.system.js.remove({});", "args"=>[]}, {}).limit(-1)
  MONGODB mm-custom-functions-spec['$cmd'].find({"$eval"=>"db.system.js.count()", "args"=>[]}, {}).limit(-1)
  MONGODB mm-custom-functions-spec['$cmd'].find({"$eval"=>"db.system.js.remove({});", "args"=>[]}, {}).limit(-1)
  MONGODB mm-custom-functions-spec['$cmd'].find({"$eval"=>"db.system.js.insert({_id:'test', value: 'function(){}'})", "args"=>[]}, {}).limit(-1)
  MONGODB mm-custom-functions-spec['$cmd'].find({"$eval"=>"db.system.js.remove({});", "args"=>[]}, {}).limit(-1)
  MONGODB mm-custom-functions-spec['$cmd'].find({"$eval"=>"db.system.js.insert({\"value\":\"function(){ return 1; }\",\"_id\":\"one\"})", "args"=>[]}, {}).limit(-1)
  MONGODB mm-custom-functions-spec['$cmd'].find({"$eval"=>"db.system.js.insert({\"value\":\"function(){ return 3; }\",\"_id\":\"three\"})", "args"=>[]}, {}).limit(-1)
  MONGODB mm-custom-functions-spec['$cmd'].find({"$eval"=>"db.system.js.insert({\"value\":\"function(){ return 2; }\",\"_id\":\"two\"})", "args"=>[]}, {}).limit(-1)
  MONGODB mm-custom-functions-spec['$cmd'].find({"$eval"=>"db.system.js.findOne({_id:'test'})", "args"=>[]}, {}).limit(-1)
  MONGODB mm-custom-functions-spec['$cmd'].find({"$eval"=>"db.system.js.remove({});", "args"=>[]}, {}).limit(-1)
  MONGODB mm-custom-functions-spec['$cmd'].find({"$eval"=>"db.system.js.insert({_id:'one', value: 'function(){ return 99; }'})", "args"=>[]}, {}).limit(-1)
  MONGODB mm-custom-functions-spec['$cmd'].find({"$eval"=>"db.system.js.remove({});", "args"=>[]}, {}).limit(-1)
  MONGODB mm-custom-functions-spec['$cmd'].find({"$eval"=>"db.system.js.insert({\"value\":\"function(){ return 1; }\",\"_id\":\"one\"})", "args"=>[]}, {}).limit(-1)
  MONGODB mm-custom-functions-spec['$cmd'].find({"$eval"=>"db.system.js.insert({\"value\":\"function(){ return 3; }\",\"_id\":\"three\"})", "args"=>[]}, {}).limit(-1)
  MONGODB mm-custom-functions-spec['$cmd'].find({"$eval"=>"db.system.js.insert({\"value\":\"function(){ return 2; }\",\"_id\":\"two\"})", "args"=>[]}, {}).limit(-1)
  MONGODB mm-custom-functions-spec['$cmd'].find({"$eval"=>"db.system.js.findOne({_id:'test'})", "args"=>[]}, {}).limit(-1)
  MONGODB mm-custom-functions-spec['$cmd'].find({"$eval"=>"db.system.js.remove({});", "args"=>[]}, {}).limit(-1)
  MONGODB mm-custom-functions-spec['$cmd'].find({"$eval"=>"db.system.js.remove({});", "args"=>[]}, {}).limit(-1)
  MONGODB mm-custom-functions-spec['$cmd'].find({"$eval"=>"db.system.js.insert({\"value\":\"function(){ return 1; }\",\"_id\":\"one\"})", "args"=>[]}, {}).limit(-1)
  MONGODB mm-custom-functions-spec['$cmd'].find({"$eval"=>"db.system.js.findOne({_id:'one'})", "args"=>[]}, {}).limit(-1)
  MONGODB mm-custom-functions-spec['$cmd'].find({"$eval"=>"db.system.js.remove({});", "args"=>[]}, {}).limit(-1)
  MONGODB mm-custom-functions-spec['$cmd'].find({"$eval"=>"db.system.js.remove({});", "args"=>[]}, {}).limit(-1)
  MONGODB mm-custom-functions-spec['$cmd'].find({"$eval"=>"db.system.js.remove({});", "args"=>[]}, {}).limit(-1)
  MONGODB admin['$cmd'].find({:ismaster=>1}, {}).limit(-1)
  MONGODB mm-custom-functions-spec['$cmd'].find({"$eval"=>"db.system.js.remove({});", "args"=>[]}, {}).limit(-1)
  MONGODB mm-custom-functions-spec['$cmd'].find({"$eval"=>"db.system.js.insert({_id:'test', value: 'function(){}'})", "args"=>[]}, {}).limit(-1)
  MONGODB mm-custom-functions-spec['$cmd'].find({"$eval"=>"db.system.js.count()", "args"=>[]}, {}).limit(-1)
  MONGODB mm-custom-functions-spec['$cmd'].find({"$eval"=>"db.system.js.remove({});", "args"=>[]}, {}).limit(-1)
  MONGODB mm-custom-functions-spec['$cmd'].find({"$eval"=>"db.system.js.count()", "args"=>[]}, {}).limit(-1)
  MONGODB mm-custom-functions-spec['$cmd'].find({"$eval"=>"db.system.js.remove({});", "args"=>[]}, {}).limit(-1)
  MONGODB mm-custom-functions-spec['$cmd'].find({"$eval"=>"db.system.js.insert({_id:'test', value: 'function(){}'})", "args"=>[]}, {}).limit(-1)
  MONGODB mm-custom-functions-spec['$cmd'].find({"$eval"=>"db.system.js.remove({});", "args"=>[]}, {}).limit(-1)
  MONGODB mm-custom-functions-spec['$cmd'].find({"$eval"=>"db.system.js.insert({\"value\":\"function(){ return 1; }\",\"_id\":\"one\"})", "args"=>[]}, {}).limit(-1)
  MONGODB mm-custom-functions-spec['$cmd'].find({"$eval"=>"db.system.js.insert({\"value\":\"function(){ return 3; }\",\"_id\":\"three\"})", "args"=>[]}, {}).limit(-1)
  MONGODB mm-custom-functions-spec['$cmd'].find({"$eval"=>"db.system.js.insert({\"value\":\"function(){ return 2; }\",\"_id\":\"two\"})", "args"=>[]}, {}).limit(-1)
  MONGODB mm-custom-functions-spec['$cmd'].find({"$eval"=>"db.system.js.findOne({_id:'test'})", "args"=>[]}, {}).limit(-1)
  MONGODB mm-custom-functions-spec['$cmd'].find({"$eval"=>"db.system.js.remove({});", "args"=>[]}, {}).limit(-1)
  MONGODB mm-custom-functions-spec['$cmd'].find({"$eval"=>"db.system.js.insert({_id:'one', value: 'function(){ return 99; }'})", "args"=>[]}, {}).limit(-1)
  MONGODB mm-custom-functions-spec['$cmd'].find({"$eval"=>"db.system.js.remove({});", "args"=>[]}, {}).limit(-1)
  MONGODB mm-custom-functions-spec['$cmd'].find({"$eval"=>"db.system.js.insert({\"value\":\"function(){ return 1; }\",\"_id\":\"one\"})", "args"=>[]}, {}).limit(-1)
  MONGODB mm-custom-functions-spec['$cmd'].find({"$eval"=>"db.system.js.insert({\"value\":\"function(){ return 3; }\",\"_id\":\"three\"})", "args"=>[]}, {}).limit(-1)
  MONGODB mm-custom-functions-spec['$cmd'].find({"$eval"=>"db.system.js.insert({\"value\":\"function(){ return 2; }\",\"_id\":\"two\"})", "args"=>[]}, {}).limit(-1)
  MONGODB mm-custom-functions-spec['$cmd'].find({"$eval"=>"db.system.js.findOne({_id:'one'})", "args"=>[]}, {}).limit(-1)
  MONGODB mm-custom-functions-spec['$cmd'].find({"$eval"=>"db.system.js.remove({});", "args"=>[]}, {}).limit(-1)
  MONGODB mm-custom-functions-spec['$cmd'].find({"$eval"=>"db.system.js.remove({});", "args"=>[]}, {}).limit(-1)
  MONGODB mm-custom-functions-spec['$cmd'].find({"$eval"=>"db.system.js.insert({\"value\":\"function(){ return 1; }\",\"_id\":\"one\"})", "args"=>[]}, {}).limit(-1)
  MONGODB mm-custom-functions-spec['$cmd'].find({"$eval"=>"db.system.js.findOne({_id:'one'})", "args"=>[]}, {}).limit(-1)
  MONGODB mm-custom-functions-spec['$cmd'].find({"$eval"=>"db.system.js.remove({});", "args"=>[]}, {}).limit(-1)
  MONGODB mm-custom-functions-spec['$cmd'].find({"$eval"=>"db.system.js.remove({});", "args"=>[]}, {}).limit(-1)
  MONGODB mm-custom-functions-spec['$cmd'].find({"$eval"=>"db.system.js.remove({});", "args"=>[]}, {}).limit(-1)
  MONGODB admin['$cmd'].find({:ismaster=>1}, {}).limit(-1)
  MONGODB mm-custom-functions-spec['$cmd'].find({"$eval"=>"db.system.js.remove({});", "args"=>[]}, {}).limit(-1)
  MONGODB mm-custom-functions-spec['$cmd'].find({"$eval"=>"db.system.js.insert({_id:'test', value: 'function(){}'})", "args"=>[]}, {}).limit(-1)
  MONGODB mm-custom-functions-spec['$cmd'].find({"$eval"=>"db.system.js.count()", "args"=>[]}, {}).limit(-1)
  MONGODB mm-custom-functions-spec['$cmd'].find({"$eval"=>"db.system.js.remove({});", "args"=>[]}, {}).limit(-1)
  MONGODB mm-custom-functions-spec['$cmd'].find({"$eval"=>"db.system.js.count()", "args"=>[]}, {}).limit(-1)
  MONGODB mm-custom-functions-spec['$cmd'].find({"$eval"=>"db.system.js.remove({});", "args"=>[]}, {}).limit(-1)
  MONGODB mm-custom-functions-spec['$cmd'].find({"$eval"=>"db.system.js.insert({_id:'test', value: 'function(){}'})", "args"=>[]}, {}).limit(-1)
  MONGODB mm-custom-functions-spec['$cmd'].find({"$eval"=>"db.system.js.remove({});", "args"=>[]}, {}).limit(-1)
  MONGODB mm-custom-functions-spec['$cmd'].find({"$eval"=>"db.system.js.insert({\"value\":\"function(){ return 1; }\",\"_id\":\"one\"})", "args"=>[]}, {}).limit(-1)
  MONGODB mm-custom-functions-spec['$cmd'].find({"$eval"=>"db.system.js.insert({\"value\":\"function(){ return 3; }\",\"_id\":\"three\"})", "args"=>[]}, {}).limit(-1)
  MONGODB mm-custom-functions-spec['$cmd'].find({"$eval"=>"db.system.js.insert({\"value\":\"function(){ return 2; }\",\"_id\":\"two\"})", "args"=>[]}, {}).limit(-1)
  MONGODB mm-custom-functions-spec['$cmd'].find({"$eval"=>"db.system.js.findOne({_id:'test'})", "args"=>[]}, {}).limit(-1)
  MONGODB mm-custom-functions-spec['$cmd'].find({"$eval"=>"db.system.js.remove({});", "args"=>[]}, {}).limit(-1)
  MONGODB mm-custom-functions-spec['$cmd'].find({"$eval"=>"db.system.js.insert({_id:'one', value: 'function(){ return 99; }'})", "args"=>[]}, {}).limit(-1)
  MONGODB mm-custom-functions-spec['$cmd'].find({"$eval"=>"db.system.js.remove({});", "args"=>[]}, {}).limit(-1)
  MONGODB mm-custom-functions-spec['$cmd'].find({"$eval"=>"db.system.js.insert({\"value\":\"function(){ return 1; }\",\"_id\":\"one\"})", "args"=>[]}, {}).limit(-1)
  MONGODB mm-custom-functions-spec['$cmd'].find({"$eval"=>"db.system.js.insert({\"value\":\"function(){ return 3; }\",\"_id\":\"three\"})", "args"=>[]}, {}).limit(-1)
  MONGODB mm-custom-functions-spec['$cmd'].find({"$eval"=>"db.system.js.insert({\"value\":\"function(){ return 2; }\",\"_id\":\"two\"})", "args"=>[]}, {}).limit(-1)
  MONGODB mm-custom-functions-spec['$cmd'].find({"$eval"=>"db.system.js.findOne({_id:'one'})", "args"=>[]}, {}).limit(-1)
  MONGODB mm-custom-functions-spec['$cmd'].find({"$eval"=>"db.system.js.remove({});", "args"=>[]}, {}).limit(-1)
  MONGODB mm-custom-functions-spec['$cmd'].find({"$eval"=>"db.system.js.insert({_id:'test', value: 'function(){}'})", "args"=>[]}, {}).limit(-1)
  MONGODB mm-custom-functions-spec['$cmd'].find({"$eval"=>"db.system.js.remove({});", "args"=>[]}, {}).limit(-1)
  MONGODB mm-custom-functions-spec['$cmd'].find({"$eval"=>"db.system.js.insert({\"value\":\"function(){ return 1; }\",\"_id\":\"one\"})", "args"=>[]}, {}).limit(-1)
  MONGODB mm-custom-functions-spec['$cmd'].find({"$eval"=>"db.system.js.insert({\"value\":\"function(){ return 3; }\",\"_id\":\"three\"})", "args"=>[]}, {}).limit(-1)
  MONGODB mm-custom-functions-spec['$cmd'].find({"$eval"=>"db.system.js.insert({\"value\":\"function(){ return 2; }\",\"_id\":\"two\"})", "args"=>[]}, {}).limit(-1)
  MONGODB mm-custom-functions-spec['$cmd'].find({"$eval"=>"db.system.js.findOne({_id:'test'})", "args"=>[]}, {}).limit(-1)
  MONGODB mm-custom-functions-spec['$cmd'].find({"$eval"=>"db.system.js.remove({});", "args"=>[]}, {}).limit(-1)
  MONGODB mm-custom-functions-spec['$cmd'].find({"$eval"=>"db.system.js.insert({_id:'one', value: 'function(){ return 99; }'})", "args"=>[]}, {}).limit(-1)
  MONGODB mm-custom-functions-spec['$cmd'].find({"$eval"=>"db.system.js.remove({});", "args"=>[]}, {}).limit(-1)
  MONGODB mm-custom-functions-spec['$cmd'].find({"$eval"=>"db.system.js.insert({\"value\":\"function(){ return 1; }\",\"_id\":\"one\"})", "args"=>[]}, {}).limit(-1)
  MONGODB mm-custom-functions-spec['$cmd'].find({"$eval"=>"db.system.js.insert({\"value\":\"function(){ return 3; }\",\"_id\":\"three\"})", "args"=>[]}, {}).limit(-1)
  MONGODB mm-custom-functions-spec['$cmd'].find({"$eval"=>"db.system.js.insert({\"value\":\"function(){ return 2; }\",\"_id\":\"two\"})", "args"=>[]}, {}).limit(-1)
  MONGODB mm-custom-functions-spec['$cmd'].find({"$eval"=>"db.system.js.findOne({_id:'one'})", "args"=>[]}, {}).limit(-1)
  MONGODB mm-custom-functions-spec['$cmd'].find({"$eval"=>"db.system.js.remove({});", "args"=>[]}, {}).limit(-1)
  MONGODB mm-custom-functions-spec['$cmd'].find({"$eval"=>"db.system.js.insert({\"value\":\"function(){ return 1; }\",\"_id\":\"one\"})", "args"=>[]}, {}).limit(-1)
  MONGODB mm-custom-functions-spec['$cmd'].find({"$eval"=>"db.system.js.findOne({_id:'one'})", "args"=>[]}, {}).limit(-1)
  MONGODB mm-custom-functions-spec['$cmd'].find({"$eval"=>"db.system.js.remove({});", "args"=>[]}, {}).limit(-1)
  MONGODB mm-custom-functions-spec['$cmd'].find({"$eval"=>"db.system.js.remove({});", "args"=>[]}, {}).limit(-1)
  MONGODB mm-custom-functions-spec['$cmd'].find({"$eval"=>"db.system.js.remove({});", "args"=>[]}, {}).limit(-1)
  MONGODB admin['$cmd'].find({:ismaster=>1}, {}).limit(-1)
  MONGODB mm-custom-functions-spec['$cmd'].find({"$eval"=>"db.system.js.remove({});", "args"=>[]}, {}).limit(-1)
  MONGODB mm-custom-functions-spec['$cmd'].find({"$eval"=>"db.system.js.insert({_id:'test', value: 'function(){}'})", "args"=>[]}, {}).limit(-1)
  MONGODB mm-custom-functions-spec['$cmd'].find({"$eval"=>"db.system.js.count()", "args"=>[]}, {}).limit(-1)
  MONGODB mm-custom-functions-spec['$cmd'].find({"$eval"=>"db.system.js.remove({});", "args"=>[]}, {}).limit(-1)
  MONGODB mm-custom-functions-spec['$cmd'].find({"$eval"=>"db.system.js.count()", "args"=>[]}, {}).limit(-1)
  MONGODB mm-custom-functions-spec['$cmd'].find({"$eval"=>"db.system.js.remove({});", "args"=>[]}, {}).limit(-1)
  MONGODB mm-custom-functions-spec['$cmd'].find({"$eval"=>"db.system.js.insert({_id:'test', value: 'function(){}'})", "args"=>[]}, {}).limit(-1)
  MONGODB mm-custom-functions-spec['$cmd'].find({"$eval"=>"db.system.js.remove({});", "args"=>[]}, {}).limit(-1)
  MONGODB mm-custom-functions-spec['$cmd'].find({"$eval"=>"db.system.js.insert({\"value\":\"function(){ return 1; }\",\"_id\":\"one\"})", "args"=>[]}, {}).limit(-1)
  MONGODB mm-custom-functions-spec['$cmd'].find({"$eval"=>"db.system.js.insert({\"value\":\"function(){ return 3; }\",\"_id\":\"three\"})", "args"=>[]}, {}).limit(-1)
  MONGODB mm-custom-functions-spec['$cmd'].find({"$eval"=>"db.system.js.insert({\"value\":\"function(){ return 2; }\",\"_id\":\"two\"})", "args"=>[]}, {}).limit(-1)
  MONGODB mm-custom-functions-spec['$cmd'].find({"$eval"=>"db.system.js.findOne({_id:'test'})", "args"=>[]}, {}).limit(-1)
  MONGODB mm-custom-functions-spec['$cmd'].find({"$eval"=>"db.system.js.remove({});", "args"=>[]}, {}).limit(-1)
  MONGODB mm-custom-functions-spec['$cmd'].find({"$eval"=>"db.system.js.insert({_id:'one', value: 'function(){ return 99; }'})", "args"=>[]}, {}).limit(-1)
  MONGODB mm-custom-functions-spec['$cmd'].find({"$eval"=>"db.system.js.remove({});", "args"=>[]}, {}).limit(-1)
  MONGODB mm-custom-functions-spec['$cmd'].find({"$eval"=>"db.system.js.insert({\"value\":\"function(){ return 1; }\",\"_id\":\"one\"})", "args"=>[]}, {}).limit(-1)
  MONGODB mm-custom-functions-spec['$cmd'].find({"$eval"=>"db.system.js.insert({\"value\":\"function(){ return 3; }\",\"_id\":\"three\"})", "args"=>[]}, {}).limit(-1)
  MONGODB mm-custom-functions-spec['$cmd'].find({"$eval"=>"db.system.js.insert({\"value\":\"function(){ return 2; }\",\"_id\":\"two\"})", "args"=>[]}, {}).limit(-1)
  MONGODB mm-custom-functions-spec['$cmd'].find({"$eval"=>"db.system.js.findOne({_id:'one'})", "args"=>[]}, {}).limit(-1)
  MONGODB mm-custom-functions-spec['$cmd'].find({"$eval"=>"db.system.js.remove({});", "args"=>[]}, {}).limit(-1)
  MONGODB mm-custom-functions-spec['$cmd'].find({"$eval"=>"db.system.js.insert({_id:'test', value: 'function(){}'})", "args"=>[]}, {}).limit(-1)
  MONGODB mm-custom-functions-spec['$cmd'].find({"$eval"=>"db.system.js.insert({\"value\":\"function(){ return 1; }\",\"_id\":\"one\"})", "args"=>[]}, {}).limit(-1)
  MONGODB mm-custom-functions-spec['$cmd'].find({"$eval"=>"db.system.js.insert({\"value\":\"function(){ return 3; }\",\"_id\":\"three\"})", "args"=>[]}, {}).limit(-1)
  MONGODB mm-custom-functions-spec['$cmd'].find({"$eval"=>"db.system.js.insert({\"value\":\"function(){ return 2; }\",\"_id\":\"two\"})", "args"=>[]}, {}).limit(-1)
  MONGODB mm-custom-functions-spec['$cmd'].find({"$eval"=>"db.system.js.findOne({_id:'test'})", "args"=>[]}, {}).limit(-1)
  MONGODB mm-custom-functions-spec['$cmd'].find({"$eval"=>"db.system.js.remove({});", "args"=>[]}, {}).limit(-1)
  MONGODB mm-custom-functions-spec['$cmd'].find({"$eval"=>"db.system.js.insert({_id:'one', value: 'function(){ return 99; }'})", "args"=>[]}, {}).limit(-1)
  MONGODB mm-custom-functions-spec['$cmd'].find({"$eval"=>"db.system.js.insert({\"value\":\"function(){ return 1; }\",\"_id\":\"one\"})", "args"=>[]}, {}).limit(-1)
  MONGODB mm-custom-functions-spec['$cmd'].find({"$eval"=>"db.system.js.insert({\"value\":\"function(){ return 3; }\",\"_id\":\"three\"})", "args"=>[]}, {}).limit(-1)
  MONGODB mm-custom-functions-spec['$cmd'].find({"$eval"=>"db.system.js.insert({\"value\":\"function(){ return 2; }\",\"_id\":\"two\"})", "args"=>[]}, {}).limit(-1)
  MONGODB mm-custom-functions-spec['$cmd'].find({"$eval"=>"db.system.js.findOne({_id:'one'})", "args"=>[]}, {}).limit(-1)
  MONGODB mm-custom-functions-spec['$cmd'].find({"$eval"=>"db.system.js.remove({});", "args"=>[]}, {}).limit(-1)
  MONGODB mm-custom-functions-spec['$cmd'].find({"$eval"=>"db.system.js.insert({\"value\":\"function(){ return 1; }\",\"_id\":\"one\"})", "args"=>[]}, {}).limit(-1)
  MONGODB mm-custom-functions-spec['$cmd'].find({"$eval"=>"db.system.js.findOne({_id:'one'})", "args"=>[]}, {}).limit(-1)
  MONGODB mm-custom-functions-spec['$cmd'].find({"$eval"=>"db.system.js.remove({});", "args"=>[]}, {}).limit(-1)
  MONGODB mm-custom-functions-spec['$cmd'].find({"$eval"=>"db.system.js.remove({});", "args"=>[]}, {}).limit(-1)
  MONGODB mm-custom-functions-spec['$cmd'].find({"$eval"=>"db.system.js.remove({});", "args"=>[]}, {}).limit(-1)
  MONGODB admin['$cmd'].find({:ismaster=>1}, {}).limit(-1)
  MONGODB mm-custom-functions-spec['$cmd'].find({"$eval"=>"db.system.js.remove({});", "args"=>[]}, {}).limit(-1)
  MONGODB mm-custom-functions-spec['$cmd'].find({"$eval"=>"db.system.js.insert({_id:'test', value: 'function(){}'})", "args"=>[]}, {}).limit(-1)
  MONGODB mm-custom-functions-spec['$cmd'].find({"$eval"=>"db.system.js.count()", "args"=>[]}, {}).limit(-1)
  MONGODB mm-custom-functions-spec['$cmd'].find({"$eval"=>"db.system.js.remove({});", "args"=>[]}, {}).limit(-1)
  MONGODB mm-custom-functions-spec['$cmd'].find({"$eval"=>"db.system.js.count()", "args"=>[]}, {}).limit(-1)
  MONGODB mm-custom-functions-spec['$cmd'].find({"$eval"=>"db.system.js.remove({});", "args"=>[]}, {}).limit(-1)
  MONGODB mm-custom-functions-spec['$cmd'].find({"$eval"=>"db.system.js.insert({_id:'test', value: 'function(){}'})", "args"=>[]}, {}).limit(-1)
  MONGODB mm-custom-functions-spec['$cmd'].find({"$eval"=>"db.system.js.remove({});", "args"=>[]}, {}).limit(-1)
  MONGODB mm-custom-functions-spec['$cmd'].find({"$eval"=>"db.system.js.insert({\"value\":\"function(){ return 1; }\",\"_id\":\"one\"})", "args"=>[]}, {}).limit(-1)
  MONGODB mm-custom-functions-spec['$cmd'].find({"$eval"=>"db.system.js.insert({\"value\":\"function(){ return 3; }\",\"_id\":\"three\"})", "args"=>[]}, {}).limit(-1)
  MONGODB mm-custom-functions-spec['$cmd'].find({"$eval"=>"db.system.js.insert({\"value\":\"function(){ return 2; }\",\"_id\":\"two\"})", "args"=>[]}, {}).limit(-1)
  MONGODB mm-custom-functions-spec['$cmd'].find({"$eval"=>"db.system.js.findOne({_id:'test'})", "args"=>[]}, {}).limit(-1)
  MONGODB mm-custom-functions-spec['$cmd'].find({"$eval"=>"db.system.js.remove({});", "args"=>[]}, {}).limit(-1)
  MONGODB mm-custom-functions-spec['$cmd'].find({"$eval"=>"db.system.js.insert({_id:'one', value: 'function(){ return 99; }'})", "args"=>[]}, {}).limit(-1)
  MONGODB mm-custom-functions-spec['$cmd'].find({"$eval"=>"db.system.js.remove({});", "args"=>[]}, {}).limit(-1)
  MONGODB mm-custom-functions-spec['$cmd'].find({"$eval"=>"db.system.js.insert({\"value\":\"function(){ return 1; }\",\"_id\":\"one\"})", "args"=>[]}, {}).limit(-1)
  MONGODB mm-custom-functions-spec['$cmd'].find({"$eval"=>"db.system.js.insert({\"value\":\"function(){ return 3; }\",\"_id\":\"three\"})", "args"=>[]}, {}).limit(-1)
  MONGODB mm-custom-functions-spec['$cmd'].find({"$eval"=>"db.system.js.insert({\"value\":\"function(){ return 2; }\",\"_id\":\"two\"})", "args"=>[]}, {}).limit(-1)
  MONGODB mm-custom-functions-spec['$cmd'].find({"$eval"=>"db.system.js.findOne({_id:'one'})", "args"=>[]}, {}).limit(-1)
  MONGODB mm-custom-functions-spec['$cmd'].find({"$eval"=>"db.system.js.remove({});", "args"=>[]}, {}).limit(-1)
  MONGODB mm-custom-functions-spec['$cmd'].find({"$eval"=>"db.system.js.insert({_id:'test', value: 'function(){}'})", "args"=>[]}, {}).limit(-1)
  MONGODB mm-custom-functions-spec['$cmd'].find({"$eval"=>"db.system.js.insert({\"value\":\"function(){ return 1; }\",\"_id\":\"one\"})", "args"=>[]}, {}).limit(-1)
  MONGODB mm-custom-functions-spec['$cmd'].find({"$eval"=>"db.system.js.insert({\"value\":\"function(){ return 3; }\",\"_id\":\"three\"})", "args"=>[]}, {}).limit(-1)
  MONGODB mm-custom-functions-spec['$cmd'].find({"$eval"=>"db.system.js.insert({\"value\":\"function(){ return 2; }\",\"_id\":\"two\"})", "args"=>[]}, {}).limit(-1)
  MONGODB mm-custom-functions-spec['$cmd'].find({"$eval"=>"db.system.js.findOne({_id:'test'})", "args"=>[]}, {}).limit(-1)
  MONGODB mm-custom-functions-spec['$cmd'].find({"$eval"=>"db.system.js.remove({});", "args"=>[]}, {}).limit(-1)
  MONGODB mm-custom-functions-spec['$cmd'].find({"$eval"=>"db.system.js.insert({_id:'one', value: 'function(){ return 99; }'})", "args"=>[]}, {}).limit(-1)
  MONGODB mm-custom-functions-spec['$cmd'].find({"$eval"=>"db.system.js.insert({\"value\":\"function(){ return 1; }\",\"_id\":\"one\"})", "args"=>[]}, {}).limit(-1)
  MONGODB mm-custom-functions-spec['$cmd'].find({"$eval"=>"db.system.js.insert({\"value\":\"function(){ return 3; }\",\"_id\":\"three\"})", "args"=>[]}, {}).limit(-1)
  MONGODB mm-custom-functions-spec['$cmd'].find({"$eval"=>"db.system.js.insert({\"value\":\"function(){ return 2; }\",\"_id\":\"two\"})", "args"=>[]}, {}).limit(-1)
  MONGODB mm-custom-functions-spec['$cmd'].find({"$eval"=>"db.system.js.findOne({_id:'one'})", "args"=>[]}, {}).limit(-1)
  MONGODB mm-custom-functions-spec['$cmd'].find({"$eval"=>"db.system.js.remove({});", "args"=>[]}, {}).limit(-1)
  MONGODB mm-custom-functions-spec['$cmd'].find({"$eval"=>"db.system.js.insert({\"value\":\"function(){ return 1; }\",\"_id\":\"one\"})", "args"=>[]}, {}).limit(-1)
  MONGODB mm-custom-functions-spec['$cmd'].find({"$eval"=>"db.system.js.findOne({_id:'one'})", "args"=>[]}, {}).limit(-1)
  MONGODB mm-custom-functions-spec['$cmd'].find({"$eval"=>"db.system.js.remove({});", "args"=>[]}, {}).limit(-1)
  MONGODB mm-custom-functions-spec['$cmd'].find({"$eval"=>"db.system.js.remove({});", "args"=>[]}, {}).limit(-1)
  MONGODB mm-custom-functions-spec['$cmd'].find({"$eval"=>"db.system.js.remove({});", "args"=>[]}, {}).limit(-1)
  MONGODB admin['$cmd'].find({:ismaster=>1}, {}).limit(-1)
  MONGODB mm-custom-functions-spec['$cmd'].find({"$eval"=>"db.system.js.remove({});", "args"=>[]}, {}).limit(-1)
  MONGODB mm-custom-functions-spec['$cmd'].find({"$eval"=>"db.system.js.insert({_id:'test', value: 'function(){}'})", "args"=>[]}, {}).limit(-1)
  MONGODB mm-custom-functions-spec['$cmd'].find({"$eval"=>"db.system.js.count()", "args"=>[]}, {}).limit(-1)
  MONGODB mm-custom-functions-spec['$cmd'].find({"$eval"=>"db.system.js.remove({});", "args"=>[]}, {}).limit(-1)
  MONGODB mm-custom-functions-spec['$cmd'].find({"$eval"=>"db.system.js.count()", "args"=>[]}, {}).limit(-1)
  MONGODB mm-custom-functions-spec['$cmd'].find({"$eval"=>"db.system.js.remove({});", "args"=>[]}, {}).limit(-1)
  MONGODB mm-custom-functions-spec['$cmd'].find({"$eval"=>"db.system.js.insert({_id:'test', value: 'function(){}'})", "args"=>[]}, {}).limit(-1)
  MONGODB mm-custom-functions-spec['$cmd'].find({"$eval"=>"db.system.js.remove({});", "args"=>[]}, {}).limit(-1)
  MONGODB mm-custom-functions-spec['$cmd'].find({"$eval"=>"db.system.js.insert({\"value\":\"function(){ return 1; }\",\"_id\":\"one\"})", "args"=>[]}, {}).limit(-1)
  MONGODB mm-custom-functions-spec['$cmd'].find({"$eval"=>"db.system.js.insert({\"value\":\"function(){ return 3; }\",\"_id\":\"three\"})", "args"=>[]}, {}).limit(-1)
  MONGODB mm-custom-functions-spec['$cmd'].find({"$eval"=>"db.system.js.insert({\"value\":\"function(){ return 2; }\",\"_id\":\"two\"})", "args"=>[]}, {}).limit(-1)
  MONGODB mm-custom-functions-spec['$cmd'].find({"$eval"=>"db.system.js.findOne({_id:'test'})", "args"=>[]}, {}).limit(-1)
  MONGODB mm-custom-functions-spec['$cmd'].find({"$eval"=>"db.system.js.remove({});", "args"=>[]}, {}).limit(-1)
  MONGODB mm-custom-functions-spec['$cmd'].find({"$eval"=>"db.system.js.insert({_id:'one', value: 'function(){ return 99; }'})", "args"=>[]}, {}).limit(-1)
  MONGODB mm-custom-functions-spec['$cmd'].find({"$eval"=>"db.system.js.remove({});", "args"=>[]}, {}).limit(-1)
  MONGODB mm-custom-functions-spec['$cmd'].find({"$eval"=>"db.system.js.insert({\"value\":\"function(){ return 1; }\",\"_id\":\"one\"})", "args"=>[]}, {}).limit(-1)
  MONGODB mm-custom-functions-spec['$cmd'].find({"$eval"=>"db.system.js.insert({\"value\":\"function(){ return 3; }\",\"_id\":\"three\"})", "args"=>[]}, {}).limit(-1)
  MONGODB mm-custom-functions-spec['$cmd'].find({"$eval"=>"db.system.js.insert({\"value\":\"function(){ return 2; }\",\"_id\":\"two\"})", "args"=>[]}, {}).limit(-1)
  MONGODB mm-custom-functions-spec['$cmd'].find({"$eval"=>"db.system.js.findOne({_id:'one'})", "args"=>[]}, {}).limit(-1)
  MONGODB mm-custom-functions-spec['$cmd'].find({"$eval"=>"db.system.js.remove({});", "args"=>[]}, {}).limit(-1)
  MONGODB mm-custom-functions-spec['$cmd'].find({"$eval"=>"db.system.js.insert({_id:'test', value: 'function(){}'})", "args"=>[]}, {}).limit(-1)
  MONGODB mm-custom-functions-spec['$cmd'].find({"$eval"=>"db.system.js.insert({\"value\":\"function(){ return 1; }\",\"_id\":\"one\"})", "args"=>[]}, {}).limit(-1)
  MONGODB mm-custom-functions-spec['$cmd'].find({"$eval"=>"db.system.js.insert({\"value\":\"function(){ return 3; }\",\"_id\":\"three\"})", "args"=>[]}, {}).limit(-1)
  MONGODB mm-custom-functions-spec['$cmd'].find({"$eval"=>"db.system.js.insert({\"value\":\"function(){ return 2; }\",\"_id\":\"two\"})", "args"=>[]}, {}).limit(-1)
  MONGODB mm-custom-functions-spec['$cmd'].find({"$eval"=>"db.system.js.findOne({_id:'test'})", "args"=>[]}, {}).limit(-1)
  MONGODB mm-custom-functions-spec['$cmd'].find({"$eval"=>"db.system.js.remove({});", "args"=>[]}, {}).limit(-1)
  MONGODB mm-custom-functions-spec['$cmd'].find({"$eval"=>"db.system.js.insert({_id:'one', value: 'function(){ return 99; }'})", "args"=>[]}, {}).limit(-1)
  MONGODB mm-custom-functions-spec['$cmd'].find({"$eval"=>"db.system.js.insert({\"value\":\"function(){ return 1; }\",\"_id\":\"one\"})", "args"=>[]}, {}).limit(-1)
  MONGODB mm-custom-functions-spec['$cmd'].find({"$eval"=>"db.system.js.insert({\"value\":\"function(){ return 3; }\",\"_id\":\"three\"})", "args"=>[]}, {}).limit(-1)
  MONGODB mm-custom-functions-spec['$cmd'].find({"$eval"=>"db.system.js.insert({\"value\":\"function(){ return 2; }\",\"_id\":\"two\"})", "args"=>[]}, {}).limit(-1)
  MONGODB mm-custom-functions-spec['$cmd'].find({"$eval"=>"db.system.js.findOne({_id:'one'})", "args"=>[]}, {}).limit(-1)
  MONGODB mm-custom-functions-spec['$cmd'].find({"$eval"=>"db.system.js.remove({});", "args"=>[]}, {}).limit(-1)
  MONGODB mm-custom-functions-spec['$cmd'].find({"$eval"=>"db.system.js.insert({\"value\":\"function(){ return 1; }\",\"_id\":\"one\"})", "args"=>[]}, {}).limit(-1)
  MONGODB mm-custom-functions-spec['$cmd'].find({"$eval"=>"db.system.js.findOne({_id:'one'})", "args"=>[]}, {}).limit(-1)
  MONGODB mm-custom-functions-spec['$cmd'].find({"$eval"=>"db.system.js.remove({});", "args"=>[]}, {}).limit(-1)
  MONGODB mm-custom-functions-spec['$cmd'].find({"$eval"=>"db.system.js.remove({});", "args"=>[]}, {}).limit(-1)
  MONGODB mm-custom-functions-spec['$cmd'].find({"$eval"=>"db.system.js.remove({});", "args"=>[]}, {}).limit(-1)
  MONGODB admin['$cmd'].find({:ismaster=>1}, {}).limit(-1)
  MONGODB mm-custom-functions-spec['$cmd'].find({"$eval"=>"db.system.js.remove({});", "args"=>[]}, {}).limit(-1)
  MONGODB mm-custom-functions-spec['$cmd'].find({"$eval"=>"db.system.js.insert({_id:'test', value: 'function(){}'})", "args"=>[]}, {}).limit(-1)
  MONGODB mm-custom-functions-spec['$cmd'].find({"$eval"=>"db.system.js.count()", "args"=>[]}, {}).limit(-1)
  MONGODB mm-custom-functions-spec['$cmd'].find({"$eval"=>"db.system.js.remove({});", "args"=>[]}, {}).limit(-1)
  MONGODB mm-custom-functions-spec['$cmd'].find({"$eval"=>"db.system.js.count()", "args"=>[]}, {}).limit(-1)
  MONGODB mm-custom-functions-spec['$cmd'].find({"$eval"=>"db.system.js.remove({});", "args"=>[]}, {}).limit(-1)
  MONGODB mm-custom-functions-spec['$cmd'].find({"$eval"=>"db.system.js.insert({_id:'test', value: 'function(){}'})", "args"=>[]}, {}).limit(-1)
  MONGODB mm-custom-functions-spec['$cmd'].find({"$eval"=>"db.system.js.remove({});", "args"=>[]}, {}).limit(-1)
  MONGODB mm-custom-functions-spec['$cmd'].find({"$eval"=>"db.system.js.update({_id: one}, {\"value\":\"function(){ return 1; }\",\"_id\":\"one\"}, true)", "args"=>[]}, {}).limit(-1)
  MONGODB mm-custom-functions-spec['$cmd'].find({"$eval"=>"db.system.js.remove({});", "args"=>[]}, {}).limit(-1)
  MONGODB mm-custom-functions-spec['$cmd'].find({"$eval"=>"db.system.js.insert({_id:'one', value: 'function(){ return 99; }'})", "args"=>[]}, {}).limit(-1)
  MONGODB mm-custom-functions-spec['$cmd'].find({"$eval"=>"db.system.js.remove({});", "args"=>[]}, {}).limit(-1)
  MONGODB mm-custom-functions-spec['$cmd'].find({"$eval"=>"db.system.js.update({_id: one}, {\"value\":\"function(){ return 1; }\",\"_id\":\"one\"}, true)", "args"=>[]}, {}).limit(-1)
  MONGODB mm-custom-functions-spec['$cmd'].find({"$eval"=>"db.system.js.remove({});", "args"=>[]}, {}).limit(-1)
  MONGODB mm-custom-functions-spec['$cmd'].find({"$eval"=>"db.system.js.insert({_id:'test', value: 'function(){}'})", "args"=>[]}, {}).limit(-1)
  MONGODB mm-custom-functions-spec['$cmd'].find({"$eval"=>"db.system.js.update({_id: one}, {\"value\":\"function(){ return 1; }\",\"_id\":\"one\"}, true)", "args"=>[]}, {}).limit(-1)
  MONGODB mm-custom-functions-spec['$cmd'].find({"$eval"=>"db.system.js.remove({});", "args"=>[]}, {}).limit(-1)
  MONGODB mm-custom-functions-spec['$cmd'].find({"$eval"=>"db.system.js.insert({_id:'one', value: 'function(){ return 99; }'})", "args"=>[]}, {}).limit(-1)
  MONGODB mm-custom-functions-spec['$cmd'].find({"$eval"=>"db.system.js.update({_id: one}, {\"value\":\"function(){ return 1; }\",\"_id\":\"one\"}, true)", "args"=>[]}, {}).limit(-1)
  MONGODB mm-custom-functions-spec['$cmd'].find({"$eval"=>"db.system.js.update({_id: three}, {\"value\":\"function(){ return 3; }\",\"_id\":\"three\"}, true)", "args"=>[]}, {}).limit(-1)
  MONGODB mm-custom-functions-spec['$cmd'].find({"$eval"=>"db.system.js.remove({});", "args"=>[]}, {}).limit(-1)
  MONGODB mm-custom-functions-spec['$cmd'].find({"$eval"=>"db.system.js.update({_id: one}, {\"value\":\"function(){ return 1; }\",\"_id\":\"one\"}, true)", "args"=>[]}, {}).limit(-1)
  MONGODB mm-custom-functions-spec['$cmd'].find({"$eval"=>"db.system.js.remove({});", "args"=>[]}, {}).limit(-1)
  MONGODB mm-custom-functions-spec['$cmd'].find({"$eval"=>"db.system.js.remove({});", "args"=>[]}, {}).limit(-1)
  MONGODB mm-custom-functions-spec['$cmd'].find({"$eval"=>"db.system.js.remove({});", "args"=>[]}, {}).limit(-1)
  MONGODB admin['$cmd'].find({:ismaster=>1}, {}).limit(-1)
  MONGODB mm-custom-functions-spec['$cmd'].find({"$eval"=>"db.system.js.remove({});", "args"=>[]}, {}).limit(-1)
  MONGODB mm-custom-functions-spec['$cmd'].find({"$eval"=>"db.system.js.insert({_id:'test', value: 'function(){}'})", "args"=>[]}, {}).limit(-1)
  MONGODB mm-custom-functions-spec['$cmd'].find({"$eval"=>"db.system.js.count()", "args"=>[]}, {}).limit(-1)
  MONGODB mm-custom-functions-spec['$cmd'].find({"$eval"=>"db.system.js.remove({});", "args"=>[]}, {}).limit(-1)
  MONGODB mm-custom-functions-spec['$cmd'].find({"$eval"=>"db.system.js.count()", "args"=>[]}, {}).limit(-1)
  MONGODB mm-custom-functions-spec['$cmd'].find({"$eval"=>"db.system.js.remove({});", "args"=>[]}, {}).limit(-1)
  MONGODB mm-custom-functions-spec['$cmd'].find({"$eval"=>"db.system.js.insert({_id:'test', value: 'function(){}'})", "args"=>[]}, {}).limit(-1)
  MONGODB mm-custom-functions-spec['$cmd'].find({"$eval"=>"db.system.js.remove({});", "args"=>[]}, {}).limit(-1)
  MONGODB mm-custom-functions-spec['$cmd'].find({"$eval"=>"db.system.js.update({_id: 'one'}, {\"value\":\"function(){ return 1; }\",\"_id\":\"one\"}, true)", "args"=>[]}, {}).limit(-1)
  MONGODB mm-custom-functions-spec['$cmd'].find({"$eval"=>"db.system.js.update({_id: 'three'}, {\"value\":\"function(){ return 3; }\",\"_id\":\"three\"}, true)", "args"=>[]}, {}).limit(-1)
  MONGODB mm-custom-functions-spec['$cmd'].find({"$eval"=>"db.system.js.update({_id: 'two'}, {\"value\":\"function(){ return 2; }\",\"_id\":\"two\"}, true)", "args"=>[]}, {}).limit(-1)
  MONGODB mm-custom-functions-spec['$cmd'].find({"$eval"=>"db.system.js.findOne({_id:'test'})", "args"=>[]}, {}).limit(-1)
  MONGODB mm-custom-functions-spec['$cmd'].find({"$eval"=>"db.system.js.remove({});", "args"=>[]}, {}).limit(-1)
  MONGODB mm-custom-functions-spec['$cmd'].find({"$eval"=>"db.system.js.insert({_id:'one', value: 'function(){ return 99; }'})", "args"=>[]}, {}).limit(-1)
  MONGODB mm-custom-functions-spec['$cmd'].find({"$eval"=>"db.system.js.remove({});", "args"=>[]}, {}).limit(-1)
  MONGODB mm-custom-functions-spec['$cmd'].find({"$eval"=>"db.system.js.update({_id: 'one'}, {\"value\":\"function(){ return 1; }\",\"_id\":\"one\"}, true)", "args"=>[]}, {}).limit(-1)
  MONGODB mm-custom-functions-spec['$cmd'].find({"$eval"=>"db.system.js.update({_id: 'three'}, {\"value\":\"function(){ return 3; }\",\"_id\":\"three\"}, true)", "args"=>[]}, {}).limit(-1)
  MONGODB mm-custom-functions-spec['$cmd'].find({"$eval"=>"db.system.js.update({_id: 'two'}, {\"value\":\"function(){ return 2; }\",\"_id\":\"two\"}, true)", "args"=>[]}, {}).limit(-1)
  MONGODB mm-custom-functions-spec['$cmd'].find({"$eval"=>"db.system.js.findOne({_id:'one'})", "args"=>[]}, {}).limit(-1)
  MONGODB mm-custom-functions-spec['$cmd'].find({"$eval"=>"db.system.js.remove({});", "args"=>[]}, {}).limit(-1)
  MONGODB mm-custom-functions-spec['$cmd'].find({"$eval"=>"db.system.js.insert({_id:'test', value: 'function(){}'})", "args"=>[]}, {}).limit(-1)
  MONGODB mm-custom-functions-spec['$cmd'].find({"$eval"=>"db.system.js.update({_id: 'one'}, {\"value\":\"function(){ return 1; }\",\"_id\":\"one\"}, true)", "args"=>[]}, {}).limit(-1)
  MONGODB mm-custom-functions-spec['$cmd'].find({"$eval"=>"db.system.js.update({_id: 'three'}, {\"value\":\"function(){ return 3; }\",\"_id\":\"three\"}, true)", "args"=>[]}, {}).limit(-1)
  MONGODB mm-custom-functions-spec['$cmd'].find({"$eval"=>"db.system.js.update({_id: 'two'}, {\"value\":\"function(){ return 2; }\",\"_id\":\"two\"}, true)", "args"=>[]}, {}).limit(-1)
  MONGODB mm-custom-functions-spec['$cmd'].find({"$eval"=>"db.system.js.findOne({_id:'test'})", "args"=>[]}, {}).limit(-1)
  MONGODB mm-custom-functions-spec['$cmd'].find({"$eval"=>"db.system.js.remove({});", "args"=>[]}, {}).limit(-1)
  MONGODB mm-custom-functions-spec['$cmd'].find({"$eval"=>"db.system.js.insert({_id:'one', value: 'function(){ return 99; }'})", "args"=>[]}, {}).limit(-1)
  MONGODB mm-custom-functions-spec['$cmd'].find({"$eval"=>"db.system.js.update({_id: 'one'}, {\"value\":\"function(){ return 1; }\",\"_id\":\"one\"}, true)", "args"=>[]}, {}).limit(-1)
  MONGODB mm-custom-functions-spec['$cmd'].find({"$eval"=>"db.system.js.update({_id: 'three'}, {\"value\":\"function(){ return 3; }\",\"_id\":\"three\"}, true)", "args"=>[]}, {}).limit(-1)
  MONGODB mm-custom-functions-spec['$cmd'].find({"$eval"=>"db.system.js.update({_id: 'two'}, {\"value\":\"function(){ return 2; }\",\"_id\":\"two\"}, true)", "args"=>[]}, {}).limit(-1)
  MONGODB mm-custom-functions-spec['$cmd'].find({"$eval"=>"db.system.js.findOne({_id:'one'})", "args"=>[]}, {}).limit(-1)
  MONGODB mm-custom-functions-spec['$cmd'].find({"$eval"=>"db.system.js.remove({});", "args"=>[]}, {}).limit(-1)
  MONGODB mm-custom-functions-spec['$cmd'].find({"$eval"=>"db.system.js.update({_id: 'one'}, {\"value\":\"function(){ return 1; }\",\"_id\":\"one\"}, true)", "args"=>[]}, {}).limit(-1)
  MONGODB mm-custom-functions-spec['$cmd'].find({"$eval"=>"db.system.js.findOne({_id:'one'})", "args"=>[]}, {}).limit(-1)
  MONGODB mm-custom-functions-spec['$cmd'].find({"$eval"=>"db.system.js.remove({});", "args"=>[]}, {}).limit(-1)
  MONGODB mm-custom-functions-spec['$cmd'].find({"$eval"=>"db.system.js.remove({});", "args"=>[]}, {}).limit(-1)
  MONGODB mm-custom-functions-spec['$cmd'].find({"$eval"=>"db.system.js.remove({});", "args"=>[]}, {}).limit(-1)
  MONGODB admin['$cmd'].find({:ismaster=>1}, {}).limit(-1)
  MONGODB mm-custom-functions-spec['$cmd'].find({"$eval"=>"db.system.js.remove({});", "args"=>[]}, {}).limit(-1)
  MONGODB mm-custom-functions-spec['$cmd'].find({"$eval"=>"db.system.js.insert({_id:'test', value: 'function(){}'})", "args"=>[]}, {}).limit(-1)
  MONGODB mm-custom-functions-spec['$cmd'].find({"$eval"=>"db.system.js.count()", "args"=>[]}, {}).limit(-1)
  MONGODB mm-custom-functions-spec['$cmd'].find({"$eval"=>"db.system.js.remove({});", "args"=>[]}, {}).limit(-1)
  MONGODB mm-custom-functions-spec['$cmd'].find({"$eval"=>"db.system.js.count()", "args"=>[]}, {}).limit(-1)
  MONGODB mm-custom-functions-spec['$cmd'].find({"$eval"=>"db.system.js.remove({});", "args"=>[]}, {}).limit(-1)
  MONGODB mm-custom-functions-spec['$cmd'].find({"$eval"=>"db.system.js.insert({_id:'test', value: 'function(){}'})", "args"=>[]}, {}).limit(-1)
  MONGODB mm-custom-functions-spec['$cmd'].find({"$eval"=>"db.system.js.remove({});", "args"=>[]}, {}).limit(-1)
  MONGODB mm-custom-functions-spec['$cmd'].find({"$eval"=>"db.system.js.update({_id: 'one'}, {\"value\":\"function(){ return 1; }\",\"_id\":\"one\"}, true)", "args"=>[]}, {}).limit(-1)
  MONGODB mm-custom-functions-spec['$cmd'].find({"$eval"=>"db.system.js.update({_id: 'three'}, {\"value\":\"function(){ return 3; }\",\"_id\":\"three\"}, true)", "args"=>[]}, {}).limit(-1)
  MONGODB mm-custom-functions-spec['$cmd'].find({"$eval"=>"db.system.js.update({_id: 'two'}, {\"value\":\"function(){ return 2; }\",\"_id\":\"two\"}, true)", "args"=>[]}, {}).limit(-1)
  MONGODB mm-custom-functions-spec['$cmd'].find({"$eval"=>"db.system.js.findOne({_id:'test'})", "args"=>[]}, {}).limit(-1)
  MONGODB mm-custom-functions-spec['$cmd'].find({"$eval"=>"db.system.js.remove({});", "args"=>[]}, {}).limit(-1)
  MONGODB mm-custom-functions-spec['$cmd'].find({"$eval"=>"db.system.js.insert({_id:'one', value: 'function(){ return 99; }'})", "args"=>[]}, {}).limit(-1)
  MONGODB mm-custom-functions-spec['$cmd'].find({"$eval"=>"db.system.js.remove({});", "args"=>[]}, {}).limit(-1)
  MONGODB mm-custom-functions-spec['$cmd'].find({"$eval"=>"db.system.js.update({_id: 'one'}, {\"value\":\"function(){ return 1; }\",\"_id\":\"one\"}, true)", "args"=>[]}, {}).limit(-1)
  MONGODB mm-custom-functions-spec['$cmd'].find({"$eval"=>"db.system.js.update({_id: 'three'}, {\"value\":\"function(){ return 3; }\",\"_id\":\"three\"}, true)", "args"=>[]}, {}).limit(-1)
  MONGODB mm-custom-functions-spec['$cmd'].find({"$eval"=>"db.system.js.update({_id: 'two'}, {\"value\":\"function(){ return 2; }\",\"_id\":\"two\"}, true)", "args"=>[]}, {}).limit(-1)
  MONGODB mm-custom-functions-spec['$cmd'].find({"$eval"=>"db.system.js.findOne({_id:'one'})", "args"=>[]}, {}).limit(-1)
  MONGODB mm-custom-functions-spec['$cmd'].find({"$eval"=>"db.system.js.remove({});", "args"=>[]}, {}).limit(-1)
  MONGODB mm-custom-functions-spec['$cmd'].find({"$eval"=>"db.system.js.insert({_id:'test', value: 'function(){}'})", "args"=>[]}, {}).limit(-1)
  MONGODB mm-custom-functions-spec['$cmd'].find({"$eval"=>"db.system.js.update({_id: 'one'}, {\"value\":\"function(){ return 1; }\",\"_id\":\"one\"}, true)", "args"=>[]}, {}).limit(-1)
  MONGODB mm-custom-functions-spec['$cmd'].find({"$eval"=>"db.system.js.update({_id: 'three'}, {\"value\":\"function(){ return 3; }\",\"_id\":\"three\"}, true)", "args"=>[]}, {}).limit(-1)
  MONGODB mm-custom-functions-spec['$cmd'].find({"$eval"=>"db.system.js.update({_id: 'two'}, {\"value\":\"function(){ return 2; }\",\"_id\":\"two\"}, true)", "args"=>[]}, {}).limit(-1)
  MONGODB mm-custom-functions-spec['$cmd'].find({"$eval"=>"db.system.js.findOne({_id:'test'})", "args"=>[]}, {}).limit(-1)
  MONGODB mm-custom-functions-spec['$cmd'].find({"$eval"=>"db.system.js.remove({});", "args"=>[]}, {}).limit(-1)
  MONGODB mm-custom-functions-spec['$cmd'].find({"$eval"=>"db.system.js.insert({_id:'one', value: 'function(){ return 99; }'})", "args"=>[]}, {}).limit(-1)
  MONGODB mm-custom-functions-spec['$cmd'].find({"$eval"=>"db.system.js.update({_id: 'one'}, {\"value\":\"function(){ return 1; }\",\"_id\":\"one\"}, true)", "args"=>[]}, {}).limit(-1)
  MONGODB mm-custom-functions-spec['$cmd'].find({"$eval"=>"db.system.js.update({_id: 'three'}, {\"value\":\"function(){ return 3; }\",\"_id\":\"three\"}, true)", "args"=>[]}, {}).limit(-1)
  MONGODB mm-custom-functions-spec['$cmd'].find({"$eval"=>"db.system.js.update({_id: 'two'}, {\"value\":\"function(){ return 2; }\",\"_id\":\"two\"}, true)", "args"=>[]}, {}).limit(-1)
  MONGODB mm-custom-functions-spec['$cmd'].find({"$eval"=>"db.system.js.findOne({_id:'one'})", "args"=>[]}, {}).limit(-1)
  MONGODB mm-custom-functions-spec['$cmd'].find({"$eval"=>"db.system.js.remove({});", "args"=>[]}, {}).limit(-1)
  MONGODB mm-custom-functions-spec['$cmd'].find({"$eval"=>"db.system.js.update({_id: 'one'}, {\"value\":\"function(){ return 1; }\",\"_id\":\"one\"}, true)", "args"=>[]}, {}).limit(-1)
  MONGODB mm-custom-functions-spec['$cmd'].find({"$eval"=>"db.system.js.findOne({_id:'one'})", "args"=>[]}, {}).limit(-1)
  MONGODB mm-custom-functions-spec['$cmd'].find({"$eval"=>"db.system.js.remove({});", "args"=>[]}, {}).limit(-1)
  MONGODB mm-custom-functions-spec['$cmd'].find({"$eval"=>"db.system.js.remove({});", "args"=>[]}, {}).limit(-1)
  MONGODB mm-custom-functions-spec['$cmd'].find({"$eval"=>"db.system.js.remove({});", "args"=>[]}, {}).limit(-1)
